This is pdfTeX, Version 3.14159265-2.6-1.40.18 (TeX Live 2017/Debian) (preloaded format=pdflatex 2019.5.3)  21 NOV 2019 17:49
entering extended mode
 restricted \write18 enabled.
 %&-line parsing enabled.
**ordi.tex
(./ordi.tex
LaTeX2e <2017-04-15>
Babel <3.18> and hyphenation patterns for 84 language(s) loaded.
(/usr/share/texlive/texmf-dist/tex/latex/beamer/beamer.cls
Document Class: beamer 2018/02/20 v3.50 A class for typesetting presentations
(/usr/share/texlive/texmf-dist/tex/latex/beamer/beamerbasemodes.sty
(/usr/share/texlive/texmf-dist/tex/latex/etoolbox/etoolbox.sty
Package: etoolbox 2018/02/11 v2.5e e-TeX tools for LaTeX (JAW)
\etb@tempcnta=\count79
)
\beamer@tempbox=\box26
\beamer@tempcount=\count80
\c@beamerpauses=\count81

(/usr/share/texlive/texmf-dist/tex/latex/beamer/beamerbasedecode.sty
\beamer@slideinframe=\count82
\beamer@minimum=\count83
)
\beamer@commentbox=\box27
\beamer@modecount=\count84
)
(/usr/share/texlive/texmf-dist/tex/generic/oberdiek/ifpdf.sty
Package: ifpdf 2017/03/15 v3.2 Provides the ifpdf switch
)
\headdp=\dimen102
\footheight=\dimen103
\sidebarheight=\dimen104
\beamer@tempdim=\dimen105
\beamer@finalheight=\dimen106
\beamer@animht=\dimen107
\beamer@animdp=\dimen108
\beamer@animwd=\dimen109
\beamer@leftmargin=\dimen110
\beamer@rightmargin=\dimen111
\beamer@leftsidebar=\dimen112
\beamer@rightsidebar=\dimen113
\beamer@boxsize=\dimen114
\beamer@vboxoffset=\dimen115
\beamer@descdefault=\dimen116
\beamer@descriptionwidth=\dimen117
\beamer@lastskip=\skip41
\beamer@areabox=\box28
\beamer@animcurrent=\box29
\beamer@animshowbox=\box30
\beamer@sectionbox=\box31
\beamer@logobox=\box32
\beamer@linebox=\box33
\beamer@sectioncount=\count85
\beamer@subsubsectionmax=\count86
\beamer@subsectionmax=\count87
\beamer@sectionmax=\count88
\beamer@totalheads=\count89
\beamer@headcounter=\count90
\beamer@partstartpage=\count91
\beamer@sectionstartpage=\count92
\beamer@subsectionstartpage=\count93
\beamer@animationtempa=\count94
\beamer@animationtempb=\count95
\beamer@xpos=\count96
\beamer@ypos=\count97
\beamer@ypos@offset=\count98
\beamer@showpartnumber=\count99
\beamer@currentsubsection=\count100
\beamer@coveringdepth=\count101
\beamer@sectionadjust=\count102
\beamer@tocsectionnumber=\count103

(/usr/share/texlive/texmf-dist/tex/latex/beamer/beamerbaseoptions.sty
(/usr/share/texlive/texmf-dist/tex/latex/graphics/keyval.sty
Package: keyval 2014/10/28 v1.15 key=value parser (DPC)
\KV@toks@=\toks14
))
\beamer@paperwidth=\skip42
\beamer@paperheight=\skip43

(/usr/share/texlive/texmf-dist/tex/latex/geometry/geometry.sty
Package: geometry 2010/09/12 v5.6 Page Geometry

(/usr/share/texlive/texmf-dist/tex/generic/oberdiek/ifvtex.sty
Package: ifvtex 2016/05/16 v1.6 Detect VTeX and its facilities (HO)
Package ifvtex Info: VTeX not detected.
)
(/usr/share/texlive/texmf-dist/tex/generic/ifxetex/ifxetex.sty
Package: ifxetex 2010/09/12 v0.6 Provides ifxetex conditional
)
\Gm@cnth=\count104
\Gm@cntv=\count105
\c@Gm@tempcnt=\count106
\Gm@bindingoffset=\dimen118
\Gm@wd@mp=\dimen119
\Gm@odd@mp=\dimen120
\Gm@even@mp=\dimen121
\Gm@layoutwidth=\dimen122
\Gm@layoutheight=\dimen123
\Gm@layouthoffset=\dimen124
\Gm@layoutvoffset=\dimen125
\Gm@dimlist=\toks15
)
(/usr/share/texlive/texmf-dist/tex/latex/base/size11.clo
File: size11.clo 2014/09/29 v1.4h Standard LaTeX file (size option)
)
(/usr/share/texlive/texmf-dist/tex/latex/pgf/basiclayer/pgfcore.sty
(/usr/share/texlive/texmf-dist/tex/latex/graphics/graphicx.sty
Package: graphicx 2017/06/01 v1.1a Enhanced LaTeX Graphics (DPC,SPQR)

(/usr/share/texlive/texmf-dist/tex/latex/graphics/graphics.sty
Package: graphics 2017/06/25 v1.2c Standard LaTeX Graphics (DPC,SPQR)

(/usr/share/texlive/texmf-dist/tex/latex/graphics/trig.sty
Package: trig 2016/01/03 v1.10 sin cos tan (DPC)
)
(/usr/share/texlive/texmf-dist/tex/latex/graphics-cfg/graphics.cfg
File: graphics.cfg 2016/06/04 v1.11 sample graphics configuration
)
Package graphics Info: Driver file: pdftex.def on input line 99.

(/usr/share/texlive/texmf-dist/tex/latex/graphics-def/pdftex.def
File: pdftex.def 2018/01/08 v1.0l Graphics/color driver for pdftex
))
\Gin@req@height=\dimen126
\Gin@req@width=\dimen127
)
(/usr/share/texlive/texmf-dist/tex/latex/pgf/systemlayer/pgfsys.sty
(/usr/share/texlive/texmf-dist/tex/latex/pgf/utilities/pgfrcs.sty
(/usr/share/texlive/texmf-dist/tex/generic/pgf/utilities/pgfutil-common.tex
\pgfutil@everybye=\toks16
\pgfutil@tempdima=\dimen128
\pgfutil@tempdimb=\dimen129

(/usr/share/texlive/texmf-dist/tex/generic/pgf/utilities/pgfutil-common-lists.t
ex)) (/usr/share/texlive/texmf-dist/tex/generic/pgf/utilities/pgfutil-latex.def
\pgfutil@abb=\box34
(/usr/share/texlive/texmf-dist/tex/latex/ms/everyshi.sty
Package: everyshi 2001/05/15 v3.00 EveryShipout Package (MS)
))
(/usr/share/texlive/texmf-dist/tex/generic/pgf/utilities/pgfrcs.code.tex
Package: pgfrcs 2015/08/07 v3.0.1a (rcs-revision 1.31)
))
(/usr/share/texlive/texmf-dist/tex/generic/pgf/systemlayer/pgfsys.code.tex
Package: pgfsys 2014/07/09 v3.0.1a (rcs-revision 1.48)

(/usr/share/texlive/texmf-dist/tex/generic/pgf/utilities/pgfkeys.code.tex
\pgfkeys@pathtoks=\toks17
\pgfkeys@temptoks=\toks18

(/usr/share/texlive/texmf-dist/tex/generic/pgf/utilities/pgfkeysfiltered.code.t
ex
\pgfkeys@tmptoks=\toks19
))
\pgf@x=\dimen130
\pgf@y=\dimen131
\pgf@xa=\dimen132
\pgf@ya=\dimen133
\pgf@xb=\dimen134
\pgf@yb=\dimen135
\pgf@xc=\dimen136
\pgf@yc=\dimen137
\w@pgf@writea=\write3
\r@pgf@reada=\read1
\c@pgf@counta=\count107
\c@pgf@countb=\count108
\c@pgf@countc=\count109
\c@pgf@countd=\count110
\t@pgf@toka=\toks20
\t@pgf@tokb=\toks21
\t@pgf@tokc=\toks22
 (/usr/share/texlive/texmf-dist/tex/generic/pgf/systemlayer/pgf.cfg
File: pgf.cfg 2008/05/14  (rcs-revision 1.7)
)
Driver file for pgf: pgfsys-pdftex.def

(/usr/share/texlive/texmf-dist/tex/generic/pgf/systemlayer/pgfsys-pdftex.def
File: pgfsys-pdftex.def 2014/10/11  (rcs-revision 1.35)

(/usr/share/texlive/texmf-dist/tex/generic/pgf/systemlayer/pgfsys-common-pdf.de
f
File: pgfsys-common-pdf.def 2013/10/10  (rcs-revision 1.13)
)))
(/usr/share/texlive/texmf-dist/tex/generic/pgf/systemlayer/pgfsyssoftpath.code.
tex
File: pgfsyssoftpath.code.tex 2013/09/09  (rcs-revision 1.9)
\pgfsyssoftpath@smallbuffer@items=\count111
\pgfsyssoftpath@bigbuffer@items=\count112
)
(/usr/share/texlive/texmf-dist/tex/generic/pgf/systemlayer/pgfsysprotocol.code.
tex
File: pgfsysprotocol.code.tex 2006/10/16  (rcs-revision 1.4)
)) (/usr/share/texlive/texmf-dist/tex/latex/xcolor/xcolor.sty
Package: xcolor 2016/05/11 v2.12 LaTeX color extensions (UK)

(/usr/share/texlive/texmf-dist/tex/latex/graphics-cfg/color.cfg
File: color.cfg 2016/01/02 v1.6 sample color configuration
)
Package xcolor Info: Driver file: pdftex.def on input line 225.
Package xcolor Info: Model `cmy' substituted by `cmy0' on input line 1348.
Package xcolor Info: Model `hsb' substituted by `rgb' on input line 1352.
Package xcolor Info: Model `RGB' extended on input line 1364.
Package xcolor Info: Model `HTML' substituted by `rgb' on input line 1366.
Package xcolor Info: Model `Hsb' substituted by `hsb' on input line 1367.
Package xcolor Info: Model `tHsb' substituted by `hsb' on input line 1368.
Package xcolor Info: Model `HSB' substituted by `hsb' on input line 1369.
Package xcolor Info: Model `Gray' substituted by `gray' on input line 1370.
Package xcolor Info: Model `wave' substituted by `hsb' on input line 1371.
)
(/usr/share/texlive/texmf-dist/tex/generic/pgf/basiclayer/pgfcore.code.tex
Package: pgfcore 2010/04/11 v3.0.1a (rcs-revision 1.7)

(/usr/share/texlive/texmf-dist/tex/generic/pgf/math/pgfmath.code.tex
(/usr/share/texlive/texmf-dist/tex/generic/pgf/math/pgfmathcalc.code.tex
(/usr/share/texlive/texmf-dist/tex/generic/pgf/math/pgfmathutil.code.tex)
(/usr/share/texlive/texmf-dist/tex/generic/pgf/math/pgfmathparser.code.tex
\pgfmath@dimen=\dimen138
\pgfmath@count=\count113
\pgfmath@box=\box35
\pgfmath@toks=\toks23
\pgfmath@stack@operand=\toks24
\pgfmath@stack@operation=\toks25
)
(/usr/share/texlive/texmf-dist/tex/generic/pgf/math/pgfmathfunctions.code.tex
(/usr/share/texlive/texmf-dist/tex/generic/pgf/math/pgfmathfunctions.basic.code
.tex)
(/usr/share/texlive/texmf-dist/tex/generic/pgf/math/pgfmathfunctions.trigonomet
ric.code.tex)
(/usr/share/texlive/texmf-dist/tex/generic/pgf/math/pgfmathfunctions.random.cod
e.tex)
(/usr/share/texlive/texmf-dist/tex/generic/pgf/math/pgfmathfunctions.comparison
.code.tex)
(/usr/share/texlive/texmf-dist/tex/generic/pgf/math/pgfmathfunctions.base.code.
tex)
(/usr/share/texlive/texmf-dist/tex/generic/pgf/math/pgfmathfunctions.round.code
.tex)
(/usr/share/texlive/texmf-dist/tex/generic/pgf/math/pgfmathfunctions.misc.code.
tex)
(/usr/share/texlive/texmf-dist/tex/generic/pgf/math/pgfmathfunctions.integerari
thmetics.code.tex)))
(/usr/share/texlive/texmf-dist/tex/generic/pgf/math/pgfmathfloat.code.tex
\c@pgfmathroundto@lastzeros=\count114
))
(/usr/share/texlive/texmf-dist/tex/generic/pgf/basiclayer/pgfcorepoints.code.te
x
File: pgfcorepoints.code.tex 2013/10/07  (rcs-revision 1.27)
\pgf@picminx=\dimen139
\pgf@picmaxx=\dimen140
\pgf@picminy=\dimen141
\pgf@picmaxy=\dimen142
\pgf@pathminx=\dimen143
\pgf@pathmaxx=\dimen144
\pgf@pathminy=\dimen145
\pgf@pathmaxy=\dimen146
\pgf@xx=\dimen147
\pgf@xy=\dimen148
\pgf@yx=\dimen149
\pgf@yy=\dimen150
\pgf@zx=\dimen151
\pgf@zy=\dimen152
)
(/usr/share/texlive/texmf-dist/tex/generic/pgf/basiclayer/pgfcorepathconstruct.
code.tex
File: pgfcorepathconstruct.code.tex 2013/10/07  (rcs-revision 1.29)
\pgf@path@lastx=\dimen153
\pgf@path@lasty=\dimen154
)
(/usr/share/texlive/texmf-dist/tex/generic/pgf/basiclayer/pgfcorepathusage.code
.tex
File: pgfcorepathusage.code.tex 2014/11/02  (rcs-revision 1.24)
\pgf@shorten@end@additional=\dimen155
\pgf@shorten@start@additional=\dimen156
)
(/usr/share/texlive/texmf-dist/tex/generic/pgf/basiclayer/pgfcorescopes.code.te
x
File: pgfcorescopes.code.tex 2015/05/08  (rcs-revision 1.46)
\pgfpic=\box36
\pgf@hbox=\box37
\pgf@layerbox@main=\box38
\pgf@picture@serial@count=\count115
)
(/usr/share/texlive/texmf-dist/tex/generic/pgf/basiclayer/pgfcoregraphicstate.c
ode.tex
File: pgfcoregraphicstate.code.tex 2014/11/02  (rcs-revision 1.12)
\pgflinewidth=\dimen157
)
(/usr/share/texlive/texmf-dist/tex/generic/pgf/basiclayer/pgfcoretransformation
s.code.tex
File: pgfcoretransformations.code.tex 2015/08/07  (rcs-revision 1.20)
\pgf@pt@x=\dimen158
\pgf@pt@y=\dimen159
\pgf@pt@temp=\dimen160
)
(/usr/share/texlive/texmf-dist/tex/generic/pgf/basiclayer/pgfcorequick.code.tex
File: pgfcorequick.code.tex 2008/10/09  (rcs-revision 1.3)
)
(/usr/share/texlive/texmf-dist/tex/generic/pgf/basiclayer/pgfcoreobjects.code.t
ex
File: pgfcoreobjects.code.tex 2006/10/11  (rcs-revision 1.2)
)
(/usr/share/texlive/texmf-dist/tex/generic/pgf/basiclayer/pgfcorepathprocessing
.code.tex
File: pgfcorepathprocessing.code.tex 2013/09/09  (rcs-revision 1.9)
)
(/usr/share/texlive/texmf-dist/tex/generic/pgf/basiclayer/pgfcorearrows.code.te
x
File: pgfcorearrows.code.tex 2015/05/14  (rcs-revision 1.43)
\pgfarrowsep=\dimen161
)
(/usr/share/texlive/texmf-dist/tex/generic/pgf/basiclayer/pgfcoreshade.code.tex
File: pgfcoreshade.code.tex 2013/07/15  (rcs-revision 1.15)
\pgf@max=\dimen162
\pgf@sys@shading@range@num=\count116
)
(/usr/share/texlive/texmf-dist/tex/generic/pgf/basiclayer/pgfcoreimage.code.tex
File: pgfcoreimage.code.tex 2013/07/15  (rcs-revision 1.18)

(/usr/share/texlive/texmf-dist/tex/generic/pgf/basiclayer/pgfcoreexternal.code.
tex
File: pgfcoreexternal.code.tex 2014/07/09  (rcs-revision 1.21)
\pgfexternal@startupbox=\box39
))
(/usr/share/texlive/texmf-dist/tex/generic/pgf/basiclayer/pgfcorelayers.code.te
x
File: pgfcorelayers.code.tex 2013/07/18  (rcs-revision 1.7)
)
(/usr/share/texlive/texmf-dist/tex/generic/pgf/basiclayer/pgfcoretransparency.c
ode.tex
File: pgfcoretransparency.code.tex 2013/09/30  (rcs-revision 1.5)
)
(/usr/share/texlive/texmf-dist/tex/generic/pgf/basiclayer/pgfcorepatterns.code.
tex
File: pgfcorepatterns.code.tex 2013/11/07  (rcs-revision 1.5)
))) (/usr/share/texlive/texmf-dist/tex/latex/pgf/utilities/xxcolor.sty
Package: xxcolor 2003/10/24 ver 0.1
\XC@nummixins=\count117
\XC@countmixins=\count118
)
(/usr/share/texlive/texmf-dist/tex/generic/oberdiek/atbegshi.sty
Package: atbegshi 2016/06/09 v1.18 At begin shipout hook (HO)

(/usr/share/texlive/texmf-dist/tex/generic/oberdiek/infwarerr.sty
Package: infwarerr 2016/05/16 v1.4 Providing info/warning/error messages (HO)
)
(/usr/share/texlive/texmf-dist/tex/generic/oberdiek/ltxcmds.sty
Package: ltxcmds 2016/05/16 v1.23 LaTeX kernel commands for general use (HO)
))
(/usr/share/texlive/texmf-dist/tex/latex/hyperref/hyperref.sty
Package: hyperref 2018/02/06 v6.86b Hypertext links for LaTeX

(/usr/share/texlive/texmf-dist/tex/generic/oberdiek/hobsub-hyperref.sty
Package: hobsub-hyperref 2016/05/16 v1.14 Bundle oberdiek, subset hyperref (HO)


(/usr/share/texlive/texmf-dist/tex/generic/oberdiek/hobsub-generic.sty
Package: hobsub-generic 2016/05/16 v1.14 Bundle oberdiek, subset generic (HO)
Package: hobsub 2016/05/16 v1.14 Construct package bundles (HO)
Package hobsub Info: Skipping package `infwarerr' (already loaded).
Package hobsub Info: Skipping package `ltxcmds' (already loaded).
Package: ifluatex 2016/05/16 v1.4 Provides the ifluatex switch (HO)
Package ifluatex Info: LuaTeX not detected.
Package hobsub Info: Skipping package `ifvtex' (already loaded).
Package: intcalc 2016/05/16 v1.2 Expandable calculations with integers (HO)
Package hobsub Info: Skipping package `ifpdf' (already loaded).
Package: etexcmds 2016/05/16 v1.6 Avoid name clashes with e-TeX commands (HO)
Package etexcmds Info: Could not find \expanded.
(etexcmds)             That can mean that you are not using pdfTeX 1.50 or
(etexcmds)             that some package has redefined \expanded.
(etexcmds)             In the latter case, load this package earlier.
Package: kvsetkeys 2016/05/16 v1.17 Key value parser (HO)
Package: kvdefinekeys 2016/05/16 v1.4 Define keys (HO)
Package: pdftexcmds 2018/01/21 v0.26 Utility functions of pdfTeX for LuaTeX (HO
)
Package pdftexcmds Info: LuaTeX not detected.
Package pdftexcmds Info: \pdf@primitive is available.
Package pdftexcmds Info: \pdf@ifprimitive is available.
Package pdftexcmds Info: \pdfdraftmode found.
Package: pdfescape 2016/05/16 v1.14 Implements pdfTeX's escape features (HO)
Package: bigintcalc 2016/05/16 v1.4 Expandable calculations on big integers (HO
)
Package: bitset 2016/05/16 v1.2 Handle bit-vector datatype (HO)
Package: uniquecounter 2016/05/16 v1.3 Provide unlimited unique counter (HO)
)
Package hobsub Info: Skipping package `hobsub' (already loaded).
Package: letltxmacro 2016/05/16 v1.5 Let assignment for LaTeX macros (HO)
Package: hopatch 2016/05/16 v1.3 Wrapper for package hooks (HO)
Package: xcolor-patch 2016/05/16 xcolor patch
Package: atveryend 2016/05/16 v1.9 Hooks at the very end of document (HO)
Package hobsub Info: Skipping package `atbegshi' (already loaded).
Package: refcount 2016/05/16 v3.5 Data extraction from label references (HO)
Package: hycolor 2016/05/16 v1.8 Color options for hyperref/bookmark (HO)
)
(/usr/share/texlive/texmf-dist/tex/latex/oberdiek/auxhook.sty
Package: auxhook 2016/05/16 v1.4 Hooks for auxiliary files (HO)
)
(/usr/share/texlive/texmf-dist/tex/latex/oberdiek/kvoptions.sty
Package: kvoptions 2016/05/16 v3.12 Key value format for package options (HO)
)
\@linkdim=\dimen163
\Hy@linkcounter=\count119
\Hy@pagecounter=\count120

(/usr/share/texlive/texmf-dist/tex/latex/hyperref/pd1enc.def
File: pd1enc.def 2018/02/06 v6.86b Hyperref: PDFDocEncoding definition (HO)
)
\Hy@SavedSpaceFactor=\count121

(/usr/share/texlive/texmf-dist/tex/latex/latexconfig/hyperref.cfg
File: hyperref.cfg 2002/06/06 v1.2 hyperref configuration of TeXLive
)
Package hyperref Info: Option `bookmarks' set `true' on input line 4383.
Package hyperref Info: Option `bookmarksopen' set `true' on input line 4383.
Package hyperref Info: Option `implicit' set `false' on input line 4383.
Package hyperref Info: Hyper figures OFF on input line 4509.
Package hyperref Info: Link nesting OFF on input line 4514.
Package hyperref Info: Hyper index ON on input line 4517.
Package hyperref Info: Plain pages OFF on input line 4524.
Package hyperref Info: Backreferencing OFF on input line 4529.
Package hyperref Info: Implicit mode OFF; no redefinition of LaTeX internals.
Package hyperref Info: Bookmarks ON on input line 4762.
\c@Hy@tempcnt=\count122

(/usr/share/texlive/texmf-dist/tex/latex/url/url.sty
\Urlmuskip=\muskip10
Package: url 2013/09/16  ver 3.4  Verb mode for urls, etc.
)
LaTeX Info: Redefining \url on input line 5115.
\XeTeXLinkMargin=\dimen164
\Fld@menulength=\count123
\Field@Width=\dimen165
\Fld@charsize=\dimen166
Package hyperref Info: Hyper figures OFF on input line 6369.
Package hyperref Info: Link nesting OFF on input line 6374.
Package hyperref Info: Hyper index ON on input line 6377.
Package hyperref Info: backreferencing OFF on input line 6384.
Package hyperref Info: Link coloring OFF on input line 6389.
Package hyperref Info: Link coloring with OCG OFF on input line 6394.
Package hyperref Info: PDF/A mode OFF on input line 6399.
LaTeX Info: Redefining \ref on input line 6439.
LaTeX Info: Redefining \pageref on input line 6443.
\Hy@abspage=\count124


Package hyperref Message: Stopped early.

)
Package hyperref Info: Driver (autodetected): hpdftex.
 (/usr/share/texlive/texmf-dist/tex/latex/hyperref/hpdftex.def
File: hpdftex.def 2018/02/06 v6.86b Hyperref driver for pdfTeX
\Fld@listcount=\count125
\c@bookmark@seq@number=\count126

(/usr/share/texlive/texmf-dist/tex/latex/oberdiek/rerunfilecheck.sty
Package: rerunfilecheck 2016/05/16 v1.8 Rerun checks for auxiliary files (HO)
Package uniquecounter Info: New unique counter `rerunfilecheck' on input line 2
82.
))
(/usr/share/texlive/texmf-dist/tex/latex/beamer/beamerbaserequires.sty
(/usr/share/texlive/texmf-dist/tex/latex/beamer/beamerbasecompatibility.sty)
(/usr/share/texlive/texmf-dist/tex/latex/beamer/beamerbasefont.sty
(/usr/share/texlive/texmf-dist/tex/latex/amsfonts/amssymb.sty
Package: amssymb 2013/01/14 v3.01 AMS font symbols

(/usr/share/texlive/texmf-dist/tex/latex/amsfonts/amsfonts.sty
Package: amsfonts 2013/01/14 v3.01 Basic AMSFonts support
\@emptytoks=\toks26
\symAMSa=\mathgroup4
\symAMSb=\mathgroup5
LaTeX Font Info:    Overwriting math alphabet `\mathfrak' in version `bold'
(Font)                  U/euf/m/n --> U/euf/b/n on input line 106.
))
(/usr/share/texlive/texmf-dist/tex/latex/sansmathaccent/sansmathaccent.sty
Package: sansmathaccent 2013/03/28

(/usr/share/texlive/texmf-dist/tex/latex/filehook/filehook.sty
Package: filehook 2011/10/12 v0.5d Hooks for input files
)))
(/usr/share/texlive/texmf-dist/tex/latex/beamer/beamerbasetranslator.sty
(/usr/share/texlive/texmf-dist/tex/latex/translator/translator.sty
Package: translator 2018/01/04 v1.12 Easy translation of strings in LaTeX
))
(/usr/share/texlive/texmf-dist/tex/latex/beamer/beamerbasemisc.sty)
(/usr/share/texlive/texmf-dist/tex/latex/beamer/beamerbasetwoscreens.sty)
(/usr/share/texlive/texmf-dist/tex/latex/beamer/beamerbaseoverlay.sty
\beamer@argscount=\count127
\beamer@lastskipcover=\skip44
\beamer@trivlistdepth=\count128
)
(/usr/share/texlive/texmf-dist/tex/latex/beamer/beamerbasetitle.sty)
(/usr/share/texlive/texmf-dist/tex/latex/beamer/beamerbasesection.sty
\c@lecture=\count129
\c@part=\count130
\c@section=\count131
\c@subsection=\count132
\c@subsubsection=\count133
)
(/usr/share/texlive/texmf-dist/tex/latex/beamer/beamerbaseframe.sty
\beamer@framebox=\box40
\beamer@frametitlebox=\box41
\beamer@zoombox=\box42
\beamer@zoomcount=\count134
\beamer@zoomframecount=\count135
\beamer@frametextheight=\dimen167
\c@subsectionslide=\count136
\beamer@frametopskip=\skip45
\beamer@framebottomskip=\skip46
\beamer@frametopskipautobreak=\skip47
\beamer@framebottomskipautobreak=\skip48
\beamer@envbody=\toks27
\framewidth=\dimen168
\c@framenumber=\count137
)
(/usr/share/texlive/texmf-dist/tex/latex/beamer/beamerbaseverbatim.sty
\beamer@verbatimfileout=\write4
)
(/usr/share/texlive/texmf-dist/tex/latex/beamer/beamerbaseframesize.sty
\beamer@splitbox=\box43
\beamer@autobreakcount=\count138
\beamer@autobreaklastheight=\dimen169
\beamer@frametitletoks=\toks28
\beamer@framesubtitletoks=\toks29
)
(/usr/share/texlive/texmf-dist/tex/latex/beamer/beamerbaseframecomponents.sty
\beamer@footins=\box44
)
(/usr/share/texlive/texmf-dist/tex/latex/beamer/beamerbasecolor.sty
\beamer@bg@ht=\dimen170
\beamer@bg@wd=\dimen171
\beamer@bg@dp=\dimen172
)
(/usr/share/texlive/texmf-dist/tex/latex/beamer/beamerbasenotes.sty
\beamer@frameboxcopy=\box45
)
(/usr/share/texlive/texmf-dist/tex/latex/beamer/beamerbasetoc.sty)
(/usr/share/texlive/texmf-dist/tex/latex/beamer/beamerbasetemplates.sty
\beamer@sbttoks=\toks30

(/usr/share/texlive/texmf-dist/tex/latex/beamer/beamerbaseauxtemplates.sty
(/usr/share/texlive/texmf-dist/tex/latex/beamer/beamerbaseboxes.sty
\bmb@box=\box46
\bmb@colorbox=\box47
\bmb@boxshadow=\box48
\bmb@boxshadowball=\box49
\bmb@boxshadowballlarge=\box50
\bmb@temp=\dimen173
\bmb@dima=\dimen174
\bmb@dimb=\dimen175
\bmb@prevheight=\dimen176
)
\beamer@blockheadheight=\dimen177
))
(/usr/share/texlive/texmf-dist/tex/latex/beamer/beamerbaselocalstructure.sty
(/usr/share/texlive/texmf-dist/tex/latex/tools/enumerate.sty
Package: enumerate 2015/07/23 v3.00 enumerate extensions (DPC)
\@enLab=\toks31
)
\c@figure=\count139
\c@table=\count140
\abovecaptionskip=\skip49
\belowcaptionskip=\skip50
)
(/usr/share/texlive/texmf-dist/tex/latex/beamer/beamerbasenavigation.sty
\beamer@section@min@dim=\dimen178
)
(/usr/share/texlive/texmf-dist/tex/latex/beamer/beamerbasetheorems.sty
(/usr/share/texlive/texmf-dist/tex/latex/amsmath/amsmath.sty
Package: amsmath 2017/09/02 v2.17a AMS math features
\@mathmargin=\skip51

For additional information on amsmath, use the `?' option.
(/usr/share/texlive/texmf-dist/tex/latex/amsmath/amstext.sty
Package: amstext 2000/06/29 v2.01 AMS text

(/usr/share/texlive/texmf-dist/tex/latex/amsmath/amsgen.sty
File: amsgen.sty 1999/11/30 v2.0 generic functions
\@emptytoks=\toks32
\ex@=\dimen179
))
(/usr/share/texlive/texmf-dist/tex/latex/amsmath/amsbsy.sty
Package: amsbsy 1999/11/29 v1.2d Bold Symbols
\pmbraise@=\dimen180
)
(/usr/share/texlive/texmf-dist/tex/latex/amsmath/amsopn.sty
Package: amsopn 2016/03/08 v2.02 operator names
)
\inf@bad=\count141
LaTeX Info: Redefining \frac on input line 213.
\uproot@=\count142
\leftroot@=\count143
LaTeX Info: Redefining \overline on input line 375.
\classnum@=\count144
\DOTSCASE@=\count145
LaTeX Info: Redefining \ldots on input line 472.
LaTeX Info: Redefining \dots on input line 475.
LaTeX Info: Redefining \cdots on input line 596.
\Mathstrutbox@=\box51
\strutbox@=\box52
\big@size=\dimen181
LaTeX Font Info:    Redeclaring font encoding OML on input line 712.
LaTeX Font Info:    Redeclaring font encoding OMS on input line 713.
\macc@depth=\count146
\c@MaxMatrixCols=\count147
\dotsspace@=\muskip11
\c@parentequation=\count148
\dspbrk@lvl=\count149
\tag@help=\toks33
\row@=\count150
\column@=\count151
\maxfields@=\count152
\andhelp@=\toks34
\eqnshift@=\dimen182
\alignsep@=\dimen183
\tagshift@=\dimen184
\tagwidth@=\dimen185
\totwidth@=\dimen186
\lineht@=\dimen187
\@envbody=\toks35
\multlinegap=\skip52
\multlinetaggap=\skip53
\mathdisplay@stack=\toks36
LaTeX Info: Redefining \[ on input line 2817.
LaTeX Info: Redefining \] on input line 2818.
)
(/usr/share/texlive/texmf-dist/tex/latex/amscls/amsthm.sty
Package: amsthm 2017/10/31 v2.20.4
\thm@style=\toks37
\thm@bodyfont=\toks38
\thm@headfont=\toks39
\thm@notefont=\toks40
\thm@headpunct=\toks41
\thm@preskip=\skip54
\thm@postskip=\skip55
\thm@headsep=\skip56
\dth@everypar=\toks42
)
\c@theorem=\count153
)
(/usr/share/texlive/texmf-dist/tex/latex/beamer/beamerbasethemes.sty))
(/usr/share/texlive/texmf-dist/tex/latex/beamer/beamerthemedefault.sty
(/usr/share/texlive/texmf-dist/tex/latex/beamer/beamerfontthemedefault.sty)
(/usr/share/texlive/texmf-dist/tex/latex/beamer/beamercolorthemedefault.sty)
(/usr/share/texlive/texmf-dist/tex/latex/beamer/beamerinnerthemedefault.sty
\beamer@dima=\dimen188
\beamer@dimb=\dimen189
)
(/usr/share/texlive/texmf-dist/tex/latex/beamer/beamerouterthemedefault.sty)))
(./beamerthemefibeamer.sty
Package hyperref Info: Option `unicode' set `true' on input line 61.

(/usr/share/texlive/texmf-dist/tex/latex/hyperref/puenc.def
File: puenc.def 2018/02/06 v6.86b Hyperref: PDF Unicode definition (HO)
)
(/usr/share/texlive/texmf-dist/tex/generic/oberdiek/stringenc.sty
Package: stringenc 2016/05/16 v1.11 Convert strings between diff. encodings (HO
)
)

LaTeX Warning: You have requested package `beamerthemefibeamer',
               but the package provides `fibeamer/beamerthemefibeamer'.

Package: fibeamer/beamerthemefibeamer 2016/06/16 v1.1.5 fibeamer MU beamer them
e
(/usr/share/texlive/texmf-dist/tex/latex/microtype/microtype.sty
Package: microtype 2018/01/14 v2.7a Micro-typographical refinements (RS)
\MT@toks=\toks43
\MT@count=\count154
LaTeX Info: Redefining \textls on input line 793.
\MT@outer@kern=\dimen190
LaTeX Info: Redefining \textmicrotypecontext on input line 1339.
\MT@listname@count=\count155

(/usr/share/texlive/texmf-dist/tex/latex/microtype/microtype-pdftex.def
File: microtype-pdftex.def 2018/01/14 v2.7a Definitions specific to pdftex (RS)

LaTeX Info: Redefining \lsstyle on input line 913.
LaTeX Info: Redefining \lslig on input line 913.
\MT@outer@space=\skip57
)
Package microtype Info: Loading configuration file microtype.cfg.

(/usr/share/texlive/texmf-dist/tex/latex/microtype/microtype.cfg
File: microtype.cfg 2018/01/14 v2.7a microtype main configuration file (RS)
))
(/usr/share/texlive/texmf-dist/tex/latex/base/ifthen.sty
Package: ifthen 2014/09/29 v1.1c Standard LaTeX ifthen package (DPC)
)
(/usr/share/texmf/tex/latex/lm/lmodern.sty
Package: lmodern 2009/10/30 v1.6 Latin Modern Fonts
LaTeX Font Info:    Overwriting symbol font `operators' in version `normal'
(Font)                  OT1/cmr/m/n --> OT1/lmr/m/n on input line 22.
LaTeX Font Info:    Overwriting symbol font `letters' in version `normal'
(Font)                  OML/cmm/m/it --> OML/lmm/m/it on input line 23.
LaTeX Font Info:    Overwriting symbol font `symbols' in version `normal'
(Font)                  OMS/cmsy/m/n --> OMS/lmsy/m/n on input line 24.
LaTeX Font Info:    Overwriting symbol font `largesymbols' in version `normal'
(Font)                  OMX/cmex/m/n --> OMX/lmex/m/n on input line 25.
LaTeX Font Info:    Overwriting symbol font `operators' in version `bold'
(Font)                  OT1/cmr/bx/n --> OT1/lmr/bx/n on input line 26.
LaTeX Font Info:    Overwriting symbol font `letters' in version `bold'
(Font)                  OML/cmm/b/it --> OML/lmm/b/it on input line 27.
LaTeX Font Info:    Overwriting symbol font `symbols' in version `bold'
(Font)                  OMS/cmsy/b/n --> OMS/lmsy/b/n on input line 28.
LaTeX Font Info:    Overwriting symbol font `largesymbols' in version `bold'
(Font)                  OMX/cmex/m/n --> OMX/lmex/m/n on input line 29.
LaTeX Font Info:    Overwriting math alphabet `\mathbf' in version `normal'
(Font)                  OT1/cmr/bx/n --> OT1/lmr/bx/n on input line 31.
LaTeX Font Info:    Overwriting math alphabet `\mathsf' in version `normal'
(Font)                  OT1/cmss/m/n --> OT1/lmss/m/n on input line 32.
LaTeX Font Info:    Overwriting math alphabet `\mathit' in version `normal'
(Font)                  OT1/cmr/m/it --> OT1/lmr/m/it on input line 33.
LaTeX Font Info:    Overwriting math alphabet `\mathtt' in version `normal'
(Font)                  OT1/cmtt/m/n --> OT1/lmtt/m/n on input line 34.
LaTeX Font Info:    Overwriting math alphabet `\mathbf' in version `bold'
(Font)                  OT1/cmr/bx/n --> OT1/lmr/bx/n on input line 35.
LaTeX Font Info:    Overwriting math alphabet `\mathsf' in version `bold'
(Font)                  OT1/cmss/bx/n --> OT1/lmss/bx/n on input line 36.
LaTeX Font Info:    Overwriting math alphabet `\mathit' in version `bold'
(Font)                  OT1/cmr/bx/it --> OT1/lmr/bx/it on input line 37.
LaTeX Font Info:    Overwriting math alphabet `\mathtt' in version `bold'
(Font)                  OT1/cmtt/m/n --> OT1/lmtt/m/n on input line 38.
)
(/usr/share/texlive/texmf-dist/tex/latex/carlito/carlito.sty
Package: carlito 2014/08/20 (Bob Tennent) Supports Carlito fonts for LaTeX, pdf
LaTeX, luaLaTeX and xeLaTeX.

(/usr/share/texlive/texmf-dist/tex/latex/xkeyval/xkeyval.sty
Package: xkeyval 2014/12/03 v2.7a package option processing (HA)

(/usr/share/texlive/texmf-dist/tex/generic/xkeyval/xkeyval.tex
(/usr/share/texlive/texmf-dist/tex/generic/xkeyval/xkvutils.tex
\XKV@toks=\toks44
\XKV@tempa@toks=\toks45
)
\XKV@depth=\count156
File: xkeyval.tex 2014/12/03 v2.7a key=value parser (HA)
))
(/usr/share/texlive/texmf-dist/tex/latex/base/textcomp.sty
Package: textcomp 2017/04/05 v2.0i Standard LaTeX package
Package textcomp Info: Sub-encoding information:
(textcomp)               5 = only ISO-Adobe without \textcurrency
(textcomp)               4 = 5 + \texteuro
(textcomp)               3 = 4 + \textohm
(textcomp)               2 = 3 + \textestimated + \textcurrency
(textcomp)               1 = TS1 - \textcircled - \t
(textcomp)               0 = TS1 (full)
(textcomp)             Font families with sub-encoding setting implement
(textcomp)             only a restricted character set as indicated.
(textcomp)             Family '?' is the default used for unknown fonts.
(textcomp)             See the documentation for details.
Package textcomp Info: Setting ? sub-encoding to TS1/1 on input line 79.

(/usr/share/texlive/texmf-dist/tex/latex/base/ts1enc.def
File: ts1enc.def 2001/06/05 v3.0e (jk/car/fm) Standard LaTeX file
)
LaTeX Info: Redefining \oldstylenums on input line 334.
Package textcomp Info: Setting cmr sub-encoding to TS1/0 on input line 349.
Package textcomp Info: Setting cmss sub-encoding to TS1/0 on input line 350.
Package textcomp Info: Setting cmtt sub-encoding to TS1/0 on input line 351.
Package textcomp Info: Setting cmvtt sub-encoding to TS1/0 on input line 352.
Package textcomp Info: Setting cmbr sub-encoding to TS1/0 on input line 353.
Package textcomp Info: Setting cmtl sub-encoding to TS1/0 on input line 354.
Package textcomp Info: Setting ccr sub-encoding to TS1/0 on input line 355.
Package textcomp Info: Setting ptm sub-encoding to TS1/4 on input line 356.
Package textcomp Info: Setting pcr sub-encoding to TS1/4 on input line 357.
Package textcomp Info: Setting phv sub-encoding to TS1/4 on input line 358.
Package textcomp Info: Setting ppl sub-encoding to TS1/3 on input line 359.
Package textcomp Info: Setting pag sub-encoding to TS1/4 on input line 360.
Package textcomp Info: Setting pbk sub-encoding to TS1/4 on input line 361.
Package textcomp Info: Setting pnc sub-encoding to TS1/4 on input line 362.
Package textcomp Info: Setting pzc sub-encoding to TS1/4 on input line 363.
Package textcomp Info: Setting bch sub-encoding to TS1/4 on input line 364.
Package textcomp Info: Setting put sub-encoding to TS1/5 on input line 365.
Package textcomp Info: Setting uag sub-encoding to TS1/5 on input line 366.
Package textcomp Info: Setting ugq sub-encoding to TS1/5 on input line 367.
Package textcomp Info: Setting ul8 sub-encoding to TS1/4 on input line 368.
Package textcomp Info: Setting ul9 sub-encoding to TS1/4 on input line 369.
Package textcomp Info: Setting augie sub-encoding to TS1/5 on input line 370.
Package textcomp Info: Setting dayrom sub-encoding to TS1/3 on input line 371.
Package textcomp Info: Setting dayroms sub-encoding to TS1/3 on input line 372.

Package textcomp Info: Setting pxr sub-encoding to TS1/0 on input line 373.
Package textcomp Info: Setting pxss sub-encoding to TS1/0 on input line 374.
Package textcomp Info: Setting pxtt sub-encoding to TS1/0 on input line 375.
Package textcomp Info: Setting txr sub-encoding to TS1/0 on input line 376.
Package textcomp Info: Setting txss sub-encoding to TS1/0 on input line 377.
Package textcomp Info: Setting txtt sub-encoding to TS1/0 on input line 378.
Package textcomp Info: Setting lmr sub-encoding to TS1/0 on input line 379.
Package textcomp Info: Setting lmdh sub-encoding to TS1/0 on input line 380.
Package textcomp Info: Setting lmss sub-encoding to TS1/0 on input line 381.
Package textcomp Info: Setting lmssq sub-encoding to TS1/0 on input line 382.
Package textcomp Info: Setting lmvtt sub-encoding to TS1/0 on input line 383.
Package textcomp Info: Setting lmtt sub-encoding to TS1/0 on input line 384.
Package textcomp Info: Setting qhv sub-encoding to TS1/0 on input line 385.
Package textcomp Info: Setting qag sub-encoding to TS1/0 on input line 386.
Package textcomp Info: Setting qbk sub-encoding to TS1/0 on input line 387.
Package textcomp Info: Setting qcr sub-encoding to TS1/0 on input line 388.
Package textcomp Info: Setting qcs sub-encoding to TS1/0 on input line 389.
Package textcomp Info: Setting qpl sub-encoding to TS1/0 on input line 390.
Package textcomp Info: Setting qtm sub-encoding to TS1/0 on input line 391.
Package textcomp Info: Setting qzc sub-encoding to TS1/0 on input line 392.
Package textcomp Info: Setting qhvc sub-encoding to TS1/0 on input line 393.
Package textcomp Info: Setting futs sub-encoding to TS1/4 on input line 394.
Package textcomp Info: Setting futx sub-encoding to TS1/4 on input line 395.
Package textcomp Info: Setting futj sub-encoding to TS1/4 on input line 396.
Package textcomp Info: Setting hlh sub-encoding to TS1/3 on input line 397.
Package textcomp Info: Setting hls sub-encoding to TS1/3 on input line 398.
Package textcomp Info: Setting hlst sub-encoding to TS1/3 on input line 399.
Package textcomp Info: Setting hlct sub-encoding to TS1/5 on input line 400.
Package textcomp Info: Setting hlx sub-encoding to TS1/5 on input line 401.
Package textcomp Info: Setting hlce sub-encoding to TS1/5 on input line 402.
Package textcomp Info: Setting hlcn sub-encoding to TS1/5 on input line 403.
Package textcomp Info: Setting hlcw sub-encoding to TS1/5 on input line 404.
Package textcomp Info: Setting hlcf sub-encoding to TS1/5 on input line 405.
Package textcomp Info: Setting pplx sub-encoding to TS1/3 on input line 406.
Package textcomp Info: Setting pplj sub-encoding to TS1/3 on input line 407.
Package textcomp Info: Setting ptmx sub-encoding to TS1/4 on input line 408.
Package textcomp Info: Setting ptmj sub-encoding to TS1/4 on input line 409.
)
(/usr/share/texlive/texmf-dist/tex/latex/base/fontenc.sty
Package: fontenc 2017/04/05 v2.0i Standard LaTeX package
)
(/usr/share/texlive/texmf-dist/tex/latex/fontaxes/fontaxes.sty
Package: fontaxes 2014/03/23 v1.0d Font selection axes
LaTeX Info: Redefining \upshape on input line 29.
LaTeX Info: Redefining \itshape on input line 31.
LaTeX Info: Redefining \slshape on input line 33.
LaTeX Info: Redefining \scshape on input line 37.
)
LaTeX Info: Redefining \textin on input line 153.
)
(/usr/share/texlive/texmf-dist/tex/latex/doublestroke/dsfont.sty
Package: dsfont 1995/08/01 v0.1 Double stroke roman fonts
)
(/usr/share/texlive/texmf-dist/tex/latex/dejavu/DejaVuSansMono.sty
Package: DejaVuSansMono 2011/06/01 Style file for DejaVuSansMono.
)
(/usr/share/texlive/texmf-dist/tex/latex/cmap/cmap.sty
Package: cmap 2008/03/06 v1.0h CMap support: searchable PDF


Package cmap Warning: fontenc already loaded - some fonts may be unprocessed.

) (/usr/share/texlive/texmf-dist/tex/latex/base/fontenc.sty
Package: fontenc 2017/04/05 v2.0i Standard LaTeX package

(/usr/share/texlive/texmf-dist/tex/latex/base/t1enc.def
File: t1enc.def 2017/04/05 v2.0i Standard LaTeX file
LaTeX Font Info:    Redeclaring font encoding T1 on input line 48.
)<<t1.cmap>>)
(/usr/share/texlive/texmf-dist/tex/latex/setspace/setspace.sty
Package: setspace 2011/12/19 v6.7a set line spacing
)
(./fibeamer/theme/mu/beamercolorthemefibeamer-mu.sty
Package: fibeamer/theme/mu/beamercolorthemefibeamer-mu 2016/05/06

(/usr/share/texlive/texmf-dist/tex/latex/listings/listings.sty
\lst@mode=\count157
\lst@gtempboxa=\box53
\lst@token=\toks46
\lst@length=\count158
\lst@currlwidth=\dimen191
\lst@column=\count159
\lst@pos=\count160
\lst@lostspace=\dimen192
\lst@width=\dimen193
\lst@newlines=\count161
\lst@lineno=\count162
\lst@maxwidth=\dimen194

(/usr/share/texlive/texmf-dist/tex/latex/listings/lstmisc.sty
File: lstmisc.sty 2015/06/04 1.6 (Carsten Heinz)
\c@lstnumber=\count163
\lst@skipnumbers=\count164
\lst@framebox=\box54
)
(/usr/share/texlive/texmf-dist/tex/latex/listings/listings.cfg
File: listings.cfg 2015/06/04 1.6 listings configuration
))
Package: listings 2015/06/04 1.6 (Carsten Heinz)

(/usr/share/texlive/texmf-dist/tex/latex/pgf/frontendlayer/tikz.sty
(/usr/share/texlive/texmf-dist/tex/latex/pgf/basiclayer/pgf.sty
Package: pgf 2015/08/07 v3.0.1a (rcs-revision 1.15)

(/usr/share/texlive/texmf-dist/tex/generic/pgf/modules/pgfmoduleshapes.code.tex
File: pgfmoduleshapes.code.tex 2014/03/21  (rcs-revision 1.35)
\pgfnodeparttextbox=\box55
) (/usr/share/texlive/texmf-dist/tex/generic/pgf/modules/pgfmoduleplot.code.tex
File: pgfmoduleplot.code.tex 2015/08/03  (rcs-revision 1.13)
)
(/usr/share/texlive/texmf-dist/tex/latex/pgf/compatibility/pgfcomp-version-0-65
.sty
Package: pgfcomp-version-0-65 2007/07/03 v3.0.1a (rcs-revision 1.7)
\pgf@nodesepstart=\dimen195
\pgf@nodesepend=\dimen196
)
(/usr/share/texlive/texmf-dist/tex/latex/pgf/compatibility/pgfcomp-version-1-18
.sty
Package: pgfcomp-version-1-18 2007/07/23 v3.0.1a (rcs-revision 1.1)
)) (/usr/share/texlive/texmf-dist/tex/latex/pgf/utilities/pgffor.sty
(/usr/share/texlive/texmf-dist/tex/latex/pgf/utilities/pgfkeys.sty
(/usr/share/texlive/texmf-dist/tex/generic/pgf/utilities/pgfkeys.code.tex))
(/usr/share/texlive/texmf-dist/tex/latex/pgf/math/pgfmath.sty
(/usr/share/texlive/texmf-dist/tex/generic/pgf/math/pgfmath.code.tex))
(/usr/share/texlive/texmf-dist/tex/generic/pgf/utilities/pgffor.code.tex
Package: pgffor 2013/12/13 v3.0.1a (rcs-revision 1.25)

(/usr/share/texlive/texmf-dist/tex/generic/pgf/math/pgfmath.code.tex)
\pgffor@iter=\dimen197
\pgffor@skip=\dimen198
\pgffor@stack=\toks47
\pgffor@toks=\toks48
))
(/usr/share/texlive/texmf-dist/tex/generic/pgf/frontendlayer/tikz/tikz.code.tex
Package: tikz 2015/08/07 v3.0.1a (rcs-revision 1.151)

(/usr/share/texlive/texmf-dist/tex/generic/pgf/libraries/pgflibraryplothandlers
.code.tex
File: pgflibraryplothandlers.code.tex 2013/08/31 v3.0.1a (rcs-revision 1.20)
\pgf@plot@mark@count=\count165
\pgfplotmarksize=\dimen199
)
\tikz@lastx=\dimen256
\tikz@lasty=\dimen257
\tikz@lastxsaved=\dimen258
\tikz@lastysaved=\dimen259
\tikzleveldistance=\dimen260
\tikzsiblingdistance=\dimen261
\tikz@figbox=\box56
\tikz@figbox@bg=\box57
\tikz@tempbox=\box58
\tikz@tempbox@bg=\box59
\tikztreelevel=\count166
\tikznumberofchildren=\count167
\tikznumberofcurrentchild=\count168
\tikz@fig@count=\count169

(/usr/share/texlive/texmf-dist/tex/generic/pgf/modules/pgfmodulematrix.code.tex
File: pgfmodulematrix.code.tex 2013/09/17  (rcs-revision 1.8)
\pgfmatrixcurrentrow=\count170
\pgfmatrixcurrentcolumn=\count171
\pgf@matrix@numberofcolumns=\count172
)
\tikz@expandcount=\count173

(/usr/share/texlive/texmf-dist/tex/generic/pgf/frontendlayer/tikz/libraries/tik
zlibrarytopaths.code.tex
File: tikzlibrarytopaths.code.tex 2008/06/17 v3.0.1a (rcs-revision 1.2)
)))
Package hyperref Info: Option `colorlinks' set `true' on input line 86.
)
(./fibeamer/theme/mu/beamercolorthemefibeamer-mu-econ.sty
Package: fibeamer/theme/mu/beamercolorthemefibeamer-mu-econ 2016/05/06
)
(./fibeamer/theme/mu/beamerfontthemefibeamer-mu.sty
Package: fibeamer/theme/mu/beamerfontthemefibeamer-mu 2016/01/12
)
(./fibeamer/theme/mu/beamerinnerthemefibeamer-mu.sty
Package: fibeamer/theme/mu/beamerinnerthemefibeamer-mu 2016/01/14
)
(./fibeamer/theme/mu/beamerouterthemefibeamer-mu.sty
Package: fibeamer/theme/mu/beamerouterthemefibeamer-mu 2016/01/12
\fibeamer@lengths@baseunit=\skip58
\fibeamer@lengths@footerpad=\skip59
\fibeamer@lengths@margin=\skip60
\fibeamer@lengths@titleline=\skip61
\fibeamer@lengths@clipbottom=\skip62
\fibeamer@lengths@cliptop=\skip63
\fibeamer@lengths@logowidth=\skip64
\fibeamer@lengths@logoheight=\skip65
))
(/usr/share/texlive/texmf-dist/tex/latex/base/inputenc.sty
Package: inputenc 2015/03/17 v1.2c Input encoding file
\inpenc@prehook=\toks49
\inpenc@posthook=\toks50

(/usr/share/texlive/texmf-dist/tex/latex/base/latin1.def
File: latin1.def 2015/03/17 v1.2c Input encoding file
))
(/usr/share/texlive/texmf-dist/tex/latex/base/fontenc.sty
Package: fontenc 2017/04/05 v2.0i Standard LaTeX package

(/usr/share/texlive/texmf-dist/tex/latex/base/t1enc.def
File: t1enc.def 2017/04/05 v2.0i Standard LaTeX file
LaTeX Font Info:    Redeclaring font encoding T1 on input line 48.
))
(/usr/share/texlive/texmf-dist/tex/generic/babel/babel.sty
Package: babel 2018/02/14 3.18 The Babel package

(/usr/share/texlive/texmf-dist/tex/generic/babel/switch.def
File: switch.def 2018/02/14 3.18 Babel switching mechanism
)
(/usr/share/texlive/texmf-dist/tex/generic/babel-french/french.ldf
Language: french 2018/02/04 v3.4b French support from the babel system

(/usr/share/texlive/texmf-dist/tex/generic/babel/babel.def
File: babel.def 2018/02/14 3.18 Babel common definitions
\babel@savecnt=\count174
\U@D=\dimen262

(/usr/share/texlive/texmf-dist/tex/generic/babel/txtbabel.def)
LaTeX Info: Redefining \textlatin on input line 1839.
\bbl@dirlevel=\count175
)
\l@acadian = a dialect from \language\l@french 
\FB@nonchar=\count176
Package babel Info: Making : an active character on input line 411.
Package babel Info: Making ; an active character on input line 412.
Package babel Info: Making ! an active character on input line 413.
Package babel Info: Making ? an active character on input line 414.
\FBguill@level=\count177
\FB@everypar=\toks51
\FB@Mht=\dimen263
\mc@charclass=\count178
\mc@charfam=\count179
\mc@charslot=\count180
\std@mcc=\count181
\dec@mcc=\count182
\c@FBcaption@count=\count183
\listindentFB=\skip66
\descindentFB=\skip67
\labelwidthFB=\skip68
\leftmarginFB=\skip69
\parindentFFN=\dimen264
\FBfnindent=\skip70
))
(/usr/share/texlive/texmf-dist/tex/latex/carlisle/scalefnt.sty)
Package french.ldf Info: No list customisation for the beamer class,
(french.ldf)             reported on input line 6.

(/usr/share/texlive/texmf-dist/tex/latex/caption/caption.sty
Package: caption 2016/02/21 v3.3-144 Customizing captions (AR)

(/usr/share/texlive/texmf-dist/tex/latex/caption/caption3.sty
Package: caption3 2016/05/22 v1.7-166 caption3 kernel (AR)
Package caption3 Info: TeX engine: e-TeX on input line 67.
\captionmargin=\dimen265
\captionmargin@=\dimen266
\captionwidth=\dimen267
\caption@tempdima=\dimen268
\caption@indent=\dimen269
\caption@parindent=\dimen270
\caption@hangindent=\dimen271
)
\c@ContinuedFloat=\count184
Package caption Info: beamer document class.
Package caption Info: hyperref package is loaded.
Package caption Info: Hyperref support is turned off
(caption)             because hyperref has stopped early.
Package caption Info: listings package is loaded.
)
\c@saveenumi=\count185


Package hyperref Warning: Token not allowed in a PDF string (Unicode):
(hyperref)                removing `\\' on input line 67.


Package hyperref Warning: Token not allowed in a PDF string (Unicode):
(hyperref)                removing `\new@ifnextchar' on input line 67.

(/usr/share/texlive/texmf-dist/tex/generic/oberdiek/se-pdfdoc.def
File: se-pdfdoc.def 2016/05/16 v1.11 stringenc: PDFDocEncoding
) (./ordi.aux)
\openout1 = `ordi.aux'.

LaTeX Font Info:    Checking defaults for OML/cmm/m/it on input line 73.
LaTeX Font Info:    ... okay on input line 73.
LaTeX Font Info:    Checking defaults for T1/cmr/m/n on input line 73.
LaTeX Font Info:    ... okay on input line 73.
LaTeX Font Info:    Checking defaults for OT1/cmr/m/n on input line 73.
LaTeX Font Info:    ... okay on input line 73.
LaTeX Font Info:    Checking defaults for OMS/cmsy/m/n on input line 73.
LaTeX Font Info:    ... okay on input line 73.
LaTeX Font Info:    Checking defaults for OMX/cmex/m/n on input line 73.
LaTeX Font Info:    ... okay on input line 73.
LaTeX Font Info:    Checking defaults for U/cmr/m/n on input line 73.
LaTeX Font Info:    ... okay on input line 73.
LaTeX Font Info:    Checking defaults for PD1/pdf/m/n on input line 73.
LaTeX Font Info:    ... okay on input line 73.
LaTeX Font Info:    Checking defaults for PU/pdf/m/n on input line 73.
LaTeX Font Info:    ... okay on input line 73.
LaTeX Font Info:    Checking defaults for TS1/cmr/m/n on input line 73.
LaTeX Font Info:    Try loading font information for TS1+cmr on input line 73.
(/usr/share/texlive/texmf-dist/tex/latex/base/ts1cmr.fd
File: ts1cmr.fd 2014/09/29 v2.5h Standard LaTeX font definitions
)
LaTeX Font Info:    ... okay on input line 73.
LaTeX Font Info:    Try loading font information for T1+Carlito-LF on input lin
e 73.

(/usr/share/texlive/texmf-dist/tex/latex/carlito/T1Carlito-LF.fd
File: T1Carlito-LF.fd 2014/08/20 (autoinst) Font definitions for T1/Carlito-LF.

)
LaTeX Font Info:    Font shape `T1/Carlito-LF/m/n' will be
(Font)              scaled to size 10.95pt on input line 73.

*geometry* driver: auto-detecting
*geometry* detected driver: pdftex
*geometry* verbose mode - [ preamble ] result:
* driver: pdftex
* paper: custom
* layout: <same size as paper>
* layoutoffset:(h,v)=(0.0pt,0.0pt)
* modes: includehead includefoot 
* h-part:(L,W,R)=(32.00931pt, 300.17674pt, 32.00931pt)
* v-part:(T,H,B)=(0.0pt, 273.14662pt, 0.0pt)
* \paperwidth=364.19536pt
* \paperheight=273.14662pt
* \textwidth=300.17674pt
* \textheight=244.6939pt
* \oddsidemargin=-40.26068pt
* \evensidemargin=-40.26068pt
* \topmargin=-72.26999pt
* \headheight=14.22636pt
* \headsep=0.0pt
* \topskip=11.0pt
* \footskip=14.22636pt
* \marginparwidth=4.0pt
* \marginparsep=10.0pt
* \columnsep=10.0pt
* \skip\footins=10.0pt plus 4.0pt minus 2.0pt
* \hoffset=0.0pt
* \voffset=0.0pt
* \mag=1000
* \@twocolumnfalse
* \@twosidefalse
* \@mparswitchfalse
* \@reversemarginfalse
* (1in=72.27pt=25.4mm, 1cm=28.453pt)

(/usr/share/texlive/texmf-dist/tex/context/base/mkii/supp-pdf.mkii
[Loading MPS to PDF converter (version 2006.09.02).]
\scratchcounter=\count186
\scratchdimen=\dimen272
\scratchbox=\box60
\nofMPsegments=\count187
\nofMParguments=\count188
\everyMPshowfont=\toks52
\MPscratchCnt=\count189
\MPscratchDim=\dimen273
\MPnumerator=\count190
\makeMPintoPDFobject=\count191
\everyMPtoPDFconversion=\toks53
) (/usr/share/texlive/texmf-dist/tex/latex/oberdiek/epstopdf-base.sty
Package: epstopdf-base 2016/05/15 v2.6 Base part for package epstopdf

(/usr/share/texlive/texmf-dist/tex/latex/oberdiek/grfext.sty
Package: grfext 2016/05/16 v1.2 Manage graphics extensions (HO)
)
Package epstopdf-base Info: Redefining graphics rule for `.eps' on input line 4
38.
Package grfext Info: Graphics extension search list:
(grfext)             [.pdf,.png,.jpg,.mps,.jpeg,.jbig2,.jb2,.PDF,.PNG,.JPG,.JPE
G,.JBIG2,.JB2,.eps]
(grfext)             \AppendGraphicsExtensions on input line 456.

(/usr/share/texlive/texmf-dist/tex/latex/latexconfig/epstopdf-sys.cfg
File: epstopdf-sys.cfg 2010/07/13 v1.3 Configuration of (r)epstopdf for TeX Liv
e
))
ABD: EveryShipout initializing macros
\AtBeginShipoutBox=\box61
Package hyperref Info: Link coloring ON on input line 73.

(/usr/share/texlive/texmf-dist/tex/latex/hyperref/nameref.sty
Package: nameref 2016/05/21 v2.44 Cross-referencing by name of section

(/usr/share/texlive/texmf-dist/tex/generic/oberdiek/gettitlestring.sty
Package: gettitlestring 2016/05/16 v1.5 Cleanup title references (HO)
)
\c@section@level=\count192
)
LaTeX Info: Redefining \ref on input line 73.
LaTeX Info: Redefining \pageref on input line 73.
LaTeX Info: Redefining \nameref on input line 73.

(./ordi.out) (./ordi.out)
\@outlinefile=\write5
\openout5 = `ordi.out'.

LaTeX Font Info:    Overwriting symbol font `operators' in version `normal'
(Font)                  OT1/lmr/m/n --> OT1/cmss/m/n on input line 73.
LaTeX Font Info:    Overwriting symbol font `operators' in version `bold'
(Font)                  OT1/lmr/bx/n --> OT1/cmss/bx/n on input line 73.
LaTeX Font Info:    Overwriting symbol font `operators' in version `normal'
(Font)                  OT1/cmss/m/n --> OT1/Carlito-LF/m/n on input line 73.
LaTeX Font Info:    Overwriting symbol font `operators' in version `bold'
(Font)                  OT1/cmss/bx/n --> OT1/Carlito-LF/bx/n on input line 73.

\symnumbers=\mathgroup6
\sympureletters=\mathgroup7
LaTeX Font Info:    Overwriting math alphabet `\mathrm' in version `normal'
(Font)                  OT1/Carlito-LF/m/n --> T1/lmr/m/n on input line 73.
LaTeX Font Info:    Redeclaring math alphabet \mathbf on input line 73.
LaTeX Font Info:    Overwriting math alphabet `\mathbf' in version `normal'
(Font)                  OT1/lmr/bx/n --> T1/Carlito-LF/bx/n on input line 73.
LaTeX Font Info:    Overwriting math alphabet `\mathbf' in version `bold'
(Font)                  OT1/lmr/bx/n --> T1/Carlito-LF/bx/n on input line 73.
LaTeX Font Info:    Redeclaring math alphabet \mathsf on input line 73.
LaTeX Font Info:    Overwriting math alphabet `\mathsf' in version `normal'
(Font)                  OT1/lmss/m/n --> T1/Carlito-LF/m/n on input line 73.
LaTeX Font Info:    Overwriting math alphabet `\mathsf' in version `bold'
(Font)                  OT1/lmss/bx/n --> T1/Carlito-LF/m/n on input line 73.
LaTeX Font Info:    Redeclaring math alphabet \mathit on input line 73.
LaTeX Font Info:    Overwriting math alphabet `\mathit' in version `normal'
(Font)                  OT1/lmr/m/it --> T1/Carlito-LF/m/it on input line 73.
LaTeX Font Info:    Overwriting math alphabet `\mathit' in version `bold'
(Font)                  OT1/lmr/bx/it --> T1/Carlito-LF/m/it on input line 73.
LaTeX Font Info:    Redeclaring math alphabet \mathtt on input line 73.
LaTeX Font Info:    Overwriting math alphabet `\mathtt' in version `normal'
(Font)                  OT1/lmtt/m/n --> T1/DejaVuSansMono-TLF/m/n on input lin
e 73.
LaTeX Font Info:    Overwriting math alphabet `\mathtt' in version `bold'
(Font)                  OT1/lmtt/m/n --> T1/DejaVuSansMono-TLF/m/n on input lin
e 73.
LaTeX Font Info:    Overwriting symbol font `numbers' in version `bold'
(Font)                  T1/Carlito-LF/m/n --> T1/Carlito-LF/bx/n on input line 
73.
LaTeX Font Info:    Overwriting symbol font `pureletters' in version `bold'
(Font)                  T1/Carlito-LF/m/it --> T1/Carlito-LF/bx/it on input lin
e 73.
LaTeX Font Info:    Overwriting math alphabet `\mathrm' in version `bold'
(Font)                  OT1/Carlito-LF/bx/n --> T1/lmr/bx/n on input line 73.
LaTeX Font Info:    Overwriting math alphabet `\mathbf' in version `bold'
(Font)                  T1/Carlito-LF/bx/n --> T1/Carlito-LF/bx/n on input line
 73.
LaTeX Font Info:    Overwriting math alphabet `\mathsf' in version `bold'
(Font)                  T1/Carlito-LF/m/n --> T1/Carlito-LF/bx/n on input line 
73.
LaTeX Font Info:    Overwriting math alphabet `\mathit' in version `bold'
(Font)                  T1/Carlito-LF/m/it --> T1/Carlito-LF/bx/it on input lin
e 73.
LaTeX Font Info:    Overwriting math alphabet `\mathtt' in version `bold'
(Font)                  T1/DejaVuSansMono-TLF/m/n --> T1/DejaVuSansMono-TLF/bx/
n on input line 73.

(/usr/share/texlive/texmf-dist/tex/latex/translator/translator-basic-dictionary
-English.dict
Dictionary: translator-basic-dictionary, Language: English 
)
(/usr/share/texlive/texmf-dist/tex/latex/translator/translator-bibliography-dic
tionary-English.dict
Dictionary: translator-bibliography-dictionary, Language: English 
)
(/usr/share/texlive/texmf-dist/tex/latex/translator/translator-environment-dict
ionary-English.dict
Dictionary: translator-environment-dictionary, Language: English 
)
(/usr/share/texlive/texmf-dist/tex/latex/translator/translator-months-dictionar
y-English.dict
Dictionary: translator-months-dictionary, Language: English 
)
(/usr/share/texlive/texmf-dist/tex/latex/translator/translator-numbers-dictiona
ry-English.dict
Dictionary: translator-numbers-dictionary, Language: English 
)
(/usr/share/texlive/texmf-dist/tex/latex/translator/translator-theorem-dictiona
ry-English.dict
Dictionary: translator-theorem-dictionary, Language: English 
)
LaTeX Info: Redefining \microtypecontext on input line 73.
Package microtype Info: Generating PDF output.
Package microtype Info: Character protrusion enabled (level 2).
Package microtype Info: Using default protrusion set `alltext'.
Package microtype Info: Automatic font expansion enabled (level 2),
(microtype)             stretch: 20, shrink: 20, step: 1, non-selected.
Package microtype Info: Using default expansion set `basictext'.
Package microtype Info: No adjustment of tracking.
Package microtype Info: No adjustment of interword spacing.
Package microtype Info: No adjustment of character kerning.
Package microtype Info: Loading generic protrusion settings for font family
(microtype)             `Carlito-LF' (encoding: T1).
(microtype)             For optimal results, create family-specific settings.
(microtype)             See the microtype manual for details.
\c@mv@tabular=\count193
\c@mv@boldtabular=\count194
LaTeX Font Info:    Overwriting symbol font `operators' in version `normal'
(Font)                  OT1/Carlito-LF/m/n --> OT1/zavm/m/n on input line 73.
LaTeX Font Info:    Overwriting symbol font `letters' in version `normal'
(Font)                  OML/lmm/m/it --> OML/zavm/m/it on input line 73.
LaTeX Font Info:    Overwriting symbol font `symbols' in version `normal'
(Font)                  OMS/lmsy/m/n --> OMS/zavm/m/n on input line 73.
LaTeX Font Info:    Overwriting symbol font `largesymbols' in version `normal'
(Font)                  OMX/lmex/m/n --> OMX/iwona/m/n on input line 73.
\c@lstlisting=\count195
LaTeX Info: Redefining \degres on input line 73.
LaTeX Info: Redefining \dots on input line 73.


Package french.ldf Warning: Please load the "listings" package
(french.ldf)                AFTER babel/french; reported on input line 73.

LaTeX Info: Redefining \up on input line 73.
Package caption Info: Begin \AtBeginDocument code.
Package caption Info: End \AtBeginDocument code.
(./ordi.nav)
LaTeX Font Info:    Font shape `T1/Carlito-LF/m/n' will be
(Font)              scaled to size 6.0pt on input line 73.
<./img/logo_um.png, id=14, 100.4553pt x 100.4553pt>
File: ./img/logo_um.png Graphic file (type png)
<use ./img/logo_um.png>
Package pdftex.def Info: ./img/logo_um.png  used on input line 80.
(pdftex.def)             Requested size: 56.9055pt x 56.90602pt.
LaTeX Font Info:    Font shape `T1/Carlito-LF/m/n' will be
(Font)              scaled to size 17.28pt on input line 80.
LaTeX Font Info:    Font shape `T1/Carlito-LF/bx/n' in size <17.28> not availab
le
(Font)              Font shape `T1/Carlito-LF/b/n' tried instead on input line 
80.
LaTeX Font Info:    Font shape `T1/Carlito-LF/b/n' will be
(Font)              scaled to size 17.28pt on input line 80.
LaTeX Font Info:    Font shape `T1/Carlito-LF/bx/n' in size <14.4> not availabl
e
(Font)              Font shape `T1/Carlito-LF/b/n' tried instead on input line 
80.
LaTeX Font Info:    Font shape `T1/Carlito-LF/b/n' will be
(Font)              scaled to size 14.4pt on input line 80.

Overfull \hbox (2.0pt too wide) in paragraph at lines 80--80
[][]  
 []

LaTeX Font Info:    Font shape `T1/Carlito-LF/bx/n' in size <10.95> not availab
le
(Font)              Font shape `T1/Carlito-LF/b/n' tried instead on input line 
80.
LaTeX Font Info:    Font shape `T1/Carlito-LF/b/n' will be
(Font)              scaled to size 10.95pt on input line 80.
LaTeX Font Info:    Try loading font information for OT1+zavm on input line 80.

(/usr/share/texlive/texmf-dist/tex/latex/arev/ot1zavm.fd
File: ot1zavm.fd 2006/05/30 Fontinst v1.929 font definitions for OT1/zavm.
)<<ot1.cmap>>
Package microtype Info: Loading generic protrusion settings for font family
(microtype)             `zavm' (encoding: OT1).
(microtype)             For optimal results, create family-specific settings.
(microtype)             See the microtype manual for details.
Package microtype Info: Character `textendash ' is missing
(microtype)             in font `OT1/zavm/m/n/14.4'.
(microtype)             Ignoring protrusion settings for this character.
Package microtype Info: Character `textemdash ' is missing
(microtype)             in font `OT1/zavm/m/n/14.4'.
(microtype)             Ignoring protrusion settings for this character.
Package microtype Info: Character `textendash ' is missing
(microtype)             in font `OT1/zavm/m/n/10'.
(microtype)             Ignoring protrusion settings for this character.
Package microtype Info: Character `textemdash ' is missing
(microtype)             in font `OT1/zavm/m/n/10'.
(microtype)             Ignoring protrusion settings for this character.
Package microtype Info: Character `textendash ' is missing
(microtype)             in font `OT1/zavm/m/n/7'.
(microtype)             Ignoring protrusion settings for this character.
Package microtype Info: Character `textemdash ' is missing
(microtype)             in font `OT1/zavm/m/n/7'.
(microtype)             Ignoring protrusion settings for this character.
LaTeX Font Info:    Font shape `OML/zavm/m/it' will be
(Font)              scaled to size 12.24008pt on input line 80.
<<oml.cmap>>
LaTeX Font Info:    Font shape `OML/zavm/m/it' will be
(Font)              scaled to size 8.50006pt on input line 80.
LaTeX Font Info:    Font shape `OML/zavm/m/it' will be
(Font)              scaled to size 5.95004pt on input line 80.
LaTeX Font Info:    Try loading font information for OMS+zavm on input line 80.

 (/usr/share/texlive/texmf-dist/tex/latex/arev/omszavm.fd
File: omszavm.fd 2006/05/30 Fontinst v1.929 font definitions for OMS/zavm.
)<<oms.cmap>>
LaTeX Font Info:    Try loading font information for OMX+iwona on input line 80
.

(/usr/share/texlive/texmf-dist/tex/latex/iwona/omxiwona.fd
File: omxiwona.fd 2008/07/22 v0.995 font definition file for OMX/iwona (MW)
)<<omx.cmap>>
LaTeX Font Info:    Try loading font information for U+msa on input line 80.

(/usr/share/texlive/texmf-dist/tex/latex/amsfonts/umsa.fd
File: umsa.fd 2013/01/14 v3.01 AMS symbols A
)
(/usr/share/texlive/texmf-dist/tex/latex/microtype/mt-msa.cfg
File: mt-msa.cfg 2006/02/04 v1.1 microtype config. file: AMS symbols (a) (RS)
)
LaTeX Font Info:    Try loading font information for U+msb on input line 80.

(/usr/share/texlive/texmf-dist/tex/latex/amsfonts/umsb.fd
File: umsb.fd 2013/01/14 v3.01 AMS symbols B
)
(/usr/share/texlive/texmf-dist/tex/latex/microtype/mt-msb.cfg
File: mt-msb.cfg 2005/06/01 v1.0 microtype config. file: AMS symbols (b) (RS)
)
LaTeX Font Info:    Font shape `T1/Carlito-LF/m/n' will be
(Font)              scaled to size 14.4pt on input line 80.
LaTeX Font Info:    Font shape `T1/Carlito-LF/m/n' will be
(Font)              scaled to size 10.0pt on input line 80.
LaTeX Font Info:    Font shape `T1/Carlito-LF/m/n' will be
(Font)              scaled to size 7.0pt on input line 80.
LaTeX Font Info:    Font shape `T1/Carlito-LF/m/it' will be
(Font)              scaled to size 14.4pt on input line 80.
LaTeX Font Info:    Font shape `T1/Carlito-LF/m/it' will be
(Font)              scaled to size 10.0pt on input line 80.
LaTeX Font Info:    Font shape `T1/Carlito-LF/m/it' will be
(Font)              scaled to size 7.0pt on input line 80.
LaTeX Font Info:    Font shape `T1/Carlito-LF/bx/n' in size <12> not available
(Font)              Font shape `T1/Carlito-LF/b/n' tried instead on input line 
80.
LaTeX Font Info:    Font shape `T1/Carlito-LF/b/n' will be
(Font)              scaled to size 12.0pt on input line 80.
LaTeX Font Info:    Font shape `T1/Carlito-LF/bx/n' in size <10> not available
(Font)              Font shape `T1/Carlito-LF/b/n' tried instead on input line 
80.
LaTeX Font Info:    Font shape `T1/Carlito-LF/b/n' will be
(Font)              scaled to size 10.0pt on input line 80.
Package microtype Info: Character `textendash ' is missing
(microtype)             in font `OT1/zavm/m/n/12'.
(microtype)             Ignoring protrusion settings for this character.
Package microtype Info: Character `textemdash ' is missing
(microtype)             in font `OT1/zavm/m/n/12'.
(microtype)             Ignoring protrusion settings for this character.
Package microtype Info: Character `textendash ' is missing
(microtype)             in font `OT1/zavm/m/n/8'.
(microtype)             Ignoring protrusion settings for this character.
Package microtype Info: Character `textemdash ' is missing
(microtype)             in font `OT1/zavm/m/n/8'.
(microtype)             Ignoring protrusion settings for this character.
Package microtype Info: Character `textendash ' is missing
(microtype)             in font `OT1/zavm/m/n/6'.
(microtype)             Ignoring protrusion settings for this character.
Package microtype Info: Character `textemdash ' is missing
(microtype)             in font `OT1/zavm/m/n/6'.
(microtype)             Ignoring protrusion settings for this character.
LaTeX Font Info:    Font shape `OML/zavm/m/it' will be
(Font)              scaled to size 10.20007pt on input line 80.
LaTeX Font Info:    Font shape `OML/zavm/m/it' will be
(Font)              scaled to size 6.80005pt on input line 80.
LaTeX Font Info:    Font shape `OML/zavm/m/it' will be
(Font)              scaled to size 5.10004pt on input line 80.
LaTeX Font Info:    Font shape `T1/Carlito-LF/m/n' will be
(Font)              scaled to size 12.0pt on input line 80.
LaTeX Font Info:    Font shape `T1/Carlito-LF/m/n' will be
(Font)              scaled to size 8.0pt on input line 80.
LaTeX Font Info:    Font shape `T1/Carlito-LF/m/it' will be
(Font)              scaled to size 12.0pt on input line 80.
LaTeX Font Info:    Font shape `T1/Carlito-LF/m/it' will be
(Font)              scaled to size 8.0pt on input line 80.
LaTeX Font Info:    Font shape `T1/Carlito-LF/m/it' will be
(Font)              scaled to size 6.0pt on input line 80.
<figs/polytech.png, id=20, 307.1475pt x 96.36pt>
File: figs/polytech.png Graphic file (type png)
<use figs/polytech.png>
Package pdftex.def Info: figs/polytech.png  used on input line 80.
(pdftex.def)             Requested size: 113.81102pt x 35.70555pt.
LaTeX Font Info:    Font shape `T1/Carlito-LF/m/n' will be
(Font)              scaled to size 4.0pt on input line 80.
 [1

{/var/lib/texmf/fonts/map/pdftex/updmap/pdftex.map} <./img/logo_um.png> <./figs
/polytech.png>]
<figs/ibm-pc.jpg, id=32, 1204.5pt x 800.9925pt>
File: figs/ibm-pc.jpg Graphic file (type jpg)
<use figs/ibm-pc.jpg>
Package pdftex.def Info: figs/ibm-pc.jpg  used on input line 97.
(pdftex.def)             Requested size: 113.81102pt x 75.67952pt.
 [2

 <./figs/ibm-pc.jpg>]
Package microtype Info: Character `textendash ' is missing
(microtype)             in font `OT1/zavm/m/n/10.95'.
(microtype)             Ignoring protrusion settings for this character.
Package microtype Info: Character `textemdash ' is missing
(microtype)             in font `OT1/zavm/m/n/10.95'.
(microtype)             Ignoring protrusion settings for this character.
LaTeX Font Info:    Font shape `OML/zavm/m/it' will be
(Font)              scaled to size 9.30756pt on input line 114.
LaTeX Font Info:    Font shape `T1/Carlito-LF/m/it' will be
(Font)              scaled to size 10.95pt on input line 114.
<figs/plimton.png, id=41, 428.60126pt x 281.05pt>
File: figs/plimton.png Graphic file (type png)
<use figs/plimton.png>
Package pdftex.def Info: figs/plimton.png  used on input line 114.
(pdftex.def)             Requested size: 128.0374pt x 83.9597pt.

Overfull \hbox (14.22638pt too wide) in paragraph at lines 114--114
[][]  
 []

<figs/boulier.jpg, id=42, 406.51875pt x 218.31563pt>
File: figs/boulier.jpg Graphic file (type jpg)
<use figs/boulier.jpg>
Package pdftex.def Info: figs/boulier.jpg  used on input line 114.
(pdftex.def)             Requested size: 128.0374pt x 68.75978pt.

Overfull \hbox (14.22638pt too wide) in paragraph at lines 114--114
[][]  
 []

[3

 <./figs/plimton.png> <./figs/boulier.jpg>]
<figs/Ishango_bone.jpg, id=49, 451.6875pt x 200.75pt>
File: figs/Ishango_bone.jpg Graphic file (type jpg)
<use figs/Ishango_bone.jpg>
Package pdftex.def Info: figs/Ishango_bone.jpg  used on input line 138.
(pdftex.def)             Requested size: 142.26378pt x 63.22739pt.
<figs/tally_stick_01.jpg, id=50, 259.97125pt x 226.8475pt>
File: figs/tally_stick_01.jpg Graphic file (type jpg)
<use figs/tally_stick_01.jpg>
Package pdftex.def Info: figs/tally_stick_01.jpg  used on input line 138.
(pdftex.def)             Requested size: 142.26378pt x 124.13652pt.
 [4

 <./figs/Ishango_bone.jpg> <./figs/tally_stick_01.jpg>]
LaTeX Font Info:    Font shape `T1/Carlito-LF/m/n' will be
(Font)              scaled to size 9.0pt on input line 162.
Package microtype Info: Character `textendash ' is missing
(microtype)             in font `OT1/zavm/m/n/9'.
(microtype)             Ignoring protrusion settings for this character.
Package microtype Info: Character `textemdash ' is missing
(microtype)             in font `OT1/zavm/m/n/9'.
(microtype)             Ignoring protrusion settings for this character.
Package microtype Info: Character `textendash ' is missing
(microtype)             in font `OT1/zavm/m/n/5'.
(microtype)             Ignoring protrusion settings for this character.
Package microtype Info: Character `textemdash ' is missing
(microtype)             in font `OT1/zavm/m/n/5'.
(microtype)             Ignoring protrusion settings for this character.
LaTeX Font Info:    Font shape `OML/zavm/m/it' will be
(Font)              scaled to size 7.65005pt on input line 162.
LaTeX Font Info:    Font shape `OML/zavm/m/it' will be
(Font)              scaled to size 4.25003pt on input line 162.
LaTeX Font Info:    Font shape `T1/Carlito-LF/m/n' will be
(Font)              scaled to size 5.0pt on input line 162.
LaTeX Font Info:    Font shape `T1/Carlito-LF/m/it' will be
(Font)              scaled to size 9.0pt on input line 162.
LaTeX Font Info:    Font shape `T1/Carlito-LF/m/it' will be
(Font)              scaled to size 5.0pt on input line 162.
LaTeX Font Info:    Font shape `T1/Carlito-LF/bx/n' in size <9> not available
(Font)              Font shape `T1/Carlito-LF/b/n' tried instead on input line 
162.
LaTeX Font Info:    Font shape `T1/Carlito-LF/b/n' will be
(Font)              scaled to size 9.0pt on input line 162.
<figs/RomanAbacus.jpg, id=56, 401.5pt x 268.00125pt>
File: figs/RomanAbacus.jpg Graphic file (type jpg)
<use figs/RomanAbacus.jpg>
Package pdftex.def Info: figs/RomanAbacus.jpg  used on input line 162.
(pdftex.def)             Requested size: 88.33026pt x 58.96045pt.

Overfull \hbox (2.972pt too wide) in paragraph at lines 162--162
[][] 
 []

<figs/abuscus_2.jpeg, id=58, 285.065pt x 177.66376pt>
File: figs/abuscus_2.jpeg Graphic file (type jpg)
<use figs/abuscus_2.jpeg>
Package pdftex.def Info: figs/abuscus_2.jpeg  used on input line 162.
(pdftex.def)             Requested size: 85.52016pt x 53.29953pt.
<figs/abuscus_1.jpeg, id=60, 274.02374pt x 185.69376pt>
File: figs/abuscus_1.jpeg Graphic file (type jpg)
<use figs/abuscus_1.jpeg>
Package pdftex.def Info: figs/abuscus_1.jpeg  used on input line 162.
(pdftex.def)             Requested size: 90.4281pt x 61.27911pt.

Overfull \hbox (5.06984pt too wide) in paragraph at lines 162--162
[][] 
 []

[5

 <./figs/RomanAbacus.jpg> <./figs/abuscus_2.jpeg> <./figs/abuscus_1.jpeg>]
<figs/john_napier.jpg, id=70, 200.75pt x 250.9375pt>
File: figs/john_napier.jpg Graphic file (type jpg)
<use figs/john_napier.jpg>
Package pdftex.def Info: figs/john_napier.jpg  used on input line 183.
(pdftex.def)             Requested size: 50.18736pt x 62.7342pt.
<figs/napier-computer.jpg, id=72, 386.6445pt x 315.0972pt>
File: figs/napier-computer.jpg Graphic file (type jpg)
<use figs/napier-computer.jpg>
Package pdftex.def Info: figs/napier-computer.jpg  used on input line 183.
(pdftex.def)             Requested size: 77.32753pt x 63.01831pt.
<figs/napier-computer-1.jpg, id=74, 256.96pt x 225.2415pt>
File: figs/napier-computer-1.jpg Graphic file (type jpg)
<use figs/napier-computer-1.jpg>
Package pdftex.def Info: figs/napier-computer-1.jpg  used on input line 183.
(pdftex.def)             Requested size: 59.09955pt x 51.80444pt.
<figs/napier-computer-2.jpg, id=76, 60.225pt x 40.4712pt>
File: figs/napier-computer-2.jpg Graphic file (type jpg)
<use figs/napier-computer-2.jpg>
Package pdftex.def Info: figs/napier-computer-2.jpg  used on input line 183.
(pdftex.def)             Requested size: 72.2696pt x 48.56519pt.

[6

 <./figs/john_napier.jpg> <./figs/napier-computer.jpg> <./figs/napier-computer-
1.jpg> <./figs/napier-computer-2.jpg>]
<figs/william_oughtred.jpeg, id=88, 225.84375pt x 225.84375pt>
File: figs/william_oughtred.jpeg Graphic file (type jpg)
<use figs/william_oughtred.jpeg>
Package pdftex.def Info: figs/william_oughtred.jpeg  used on input line 212.
(pdftex.def)             Requested size: 56.46078pt x 56.46078pt.
<figs/TachersSlideRule.jpg, id=90, 546.04pt x 353.32pt>
File: figs/TachersSlideRule.jpg Graphic file (type jpg)
<use figs/TachersSlideRule.jpg>
Package pdftex.def Info: figs/TachersSlideRule.jpg  used on input line 212.
(pdftex.def)             Requested size: 81.90247pt x 52.99571pt.
<figs/slide_rule-1.jpeg, id=92, 270.00874pt x 188.705pt>
File: figs/slide_rule-1.jpeg Graphic file (type jpg)
<use figs/slide_rule-1.jpeg>
Package pdftex.def Info: figs/slide_rule-1.jpeg  used on input line 212.
(pdftex.def)             Requested size: 62.1007pt x 43.40123pt.
<figs/Slide_rule_scales_back.jpg, id=94, 108.405pt x 57.45465pt>
File: figs/Slide_rule_scales_back.jpg Graphic file (type jpg)
<use figs/Slide_rule_scales_back.jpg>
Package pdftex.def Info: figs/Slide_rule_scales_back.jpg  used on input line 21
2.
(pdftex.def)             Requested size: 75.88297pt x 40.21797pt.
 [7

 <./figs/william_oughtred.jpeg> <./figs/TachersSlideRule.jpg> <./figs/slide_rul
e-1.jpeg> <./figs/Slide_rule_scales_back.jpg>]
<figs/Blaise_Pascal.jpg, id=106, 227.85126pt x 301.125pt>
File: figs/Blaise_Pascal.jpg Graphic file (type jpg)
<use figs/Blaise_Pascal.jpg>
Package pdftex.def Info: figs/Blaise_Pascal.jpg  used on input line 232.
(pdftex.def)             Requested size: 56.96266pt x 75.28105pt.
<figs/pascaline_1.jpg, id=108, 517.935pt x 348.30125pt>
File: figs/pascaline_1.jpg Graphic file (type jpg)
<use figs/pascaline_1.jpg>
Package pdftex.def Info: figs/pascaline_1.jpg  used on input line 232.
(pdftex.def)             Requested size: 82.87128pt x 55.72932pt.
<figs/Arts_et_Metiers_Pascaline_dsc03869.jpg, id=110, 2049.6575pt x 1123.19624p
t>
File: figs/Arts_et_Metiers_Pascaline_dsc03869.jpg Graphic file (type jpg)
<use figs/Arts_et_Metiers_Pascaline_dsc03869.jpg>
Package pdftex.def Info: figs/Arts_et_Metiers_Pascaline_dsc03869.jpg  used on i
nput line 232.
(pdftex.def)             Requested size: 143.49068pt x 78.63176pt.

Overfull \hbox (1.2269pt too wide) in paragraph at lines 232--232
 [][] 
 []

[8

 <./figs/Blaise_Pascal.jpg> <./figs/pascaline_1.jpg> <./figs/Arts_et_Metiers_Pa
scaline_dsc03869.jpg>]
<figs/leibniz.png, id=120, 1231.60126pt x 1606.0pt>
File: figs/leibniz.png Graphic file (type png)
<use figs/leibniz.png>
Package pdftex.def Info: figs/leibniz.png  used on input line 262.
(pdftex.def)             Requested size: 67.72888pt x 88.31801pt.
<figs/Leibniz_Stepped_Reckoner_mechanism.png, id=122, 777.90625pt x 294.09875pt
>
File: figs/Leibniz_Stepped_Reckoner_mechanism.png Graphic file (type png)
<use figs/Leibniz_Stepped_Reckoner_mechanism.png>
Package pdftex.def Info: figs/Leibniz_Stepped_Reckoner_mechanism.png  used on i
nput line 262.
(pdftex.def)             Requested size: 93.34471pt x 35.29031pt.

Overfull \hbox (7.98645pt too wide) in paragraph at lines 262--262
 [] 
 []

<figs/reconerMachine.png, id=124, 501.875pt x 287.0725pt>
File: figs/reconerMachine.png Graphic file (type png)
<use figs/reconerMachine.png>
Package pdftex.def Info: figs/reconerMachine.png  used on input line 262.
(pdftex.def)             Requested size: 90.33359pt x 51.6708pt.

Overfull \hbox (4.97533pt too wide) in paragraph at lines 262--262
 [][] 
 []

[9

 <./figs/leibniz.png> <./figs/Leibniz_Stepped_Reckoner_mechanism.png (PNG copy)
> <./figs/reconerMachine.png>]
<figs/BasileBouchon.png, id=135, 299.1175pt x 329.23pt>
File: figs/BasileBouchon.png Graphic file (type png)
<use figs/BasileBouchon.png>
Package pdftex.def Info: figs/BasileBouchon.png  used on input line 286.
(pdftex.def)             Requested size: 74.77919pt x 82.3073pt.
<figs/BouchonMachine.png, id=137, 1284.8pt x 722.7pt>
File: figs/BouchonMachine.png Graphic file (type png)
<use figs/BouchonMachine.png>
Package pdftex.def Info: figs/BouchonMachine.png  used on input line 286.
(pdftex.def)             Requested size: 122.642pt x 64.3624pt.

Overfull \hbox (37.28374pt too wide) in paragraph at lines 286--286
 [] 
 []

[10

 <./figs/BasileBouchon.png> <./figs/BouchonMachine.png>] [11

]
<figs/Joseph-Jacquard-1.jpg, id=151, 250.9375pt x 350.30875pt>
File: figs/Joseph-Jacquard-1.jpg Graphic file (type jpg)
<use figs/Joseph-Jacquard-1.jpg>
Package pdftex.def Info: figs/Joseph-Jacquard-1.jpg  used on input line 327.
(pdftex.def)             Requested size: 62.7342pt x 87.57697pt.
<figs/Wooden_Jacquard_loom_MOSI-11_5544.JPG, id=153, 2625.81pt x 3501.08pt>
File: figs/Wooden_Jacquard_loom_MOSI-11_5544.JPG Graphic file (type jpg)
<use figs/Wooden_Jacquard_loom_MOSI-11_5544.JPG>
Package pdftex.def Info: figs/Wooden_Jacquard_loom_MOSI-11_5544.JPG  used on in
put line 327.
(pdftex.def)             Requested size: 73.52217pt x 98.02957pt.
 [12

 <./figs/Joseph-Jacquard-1.jpg> <./figs/Wooden_Jacquard_loom_MOSI-11_5544.JPG>]
<figs/ThomasColmar.jpeg, id=162, 351.3125pt x 331.2375pt>
File: figs/ThomasColmar.jpeg Graphic file (type jpg)
<use figs/ThomasColmar.jpeg>
Package pdftex.def Info: figs/ThomasColmar.jpeg  used on input line 346.
(pdftex.def)             Requested size: 87.8279pt x 82.80916pt.
<figs/colmarMachine.jpeg, id=164, 295.1025pt x 171.64125pt>
File: figs/colmarMachine.jpeg Graphic file (type jpg)
<use figs/colmarMachine.jpeg>
Package pdftex.def Info: figs/colmarMachine.jpeg  used on input line 346.
(pdftex.def)             Requested size: 88.53142pt x 51.49275pt.

Overfull \hbox (2.46964pt too wide) in paragraph at lines 346--346
 [] 
 []


Overfull \hbox (3.17316pt too wide) in paragraph at lines 346--346
 [] 
 []

[13

 <./figs/ThomasColmar.jpeg> <./figs/colmarMachine.jpeg>]
<figs/CharlesBabbage.jpg, id=174, 454.69875pt x 681.54625pt>
File: figs/CharlesBabbage.jpg Graphic file (type jpg)
<use figs/CharlesBabbage.jpg>
Package pdftex.def Info: figs/CharlesBabbage.jpg  used on input line 369.
(pdftex.def)             Requested size: 45.47253pt x 68.15862pt.
<figs/AnalyticalMachine_Babbage_London.jpg, id=176, 462.2871pt x 444.2196pt>
File: figs/AnalyticalMachine_Babbage_London.jpg Graphic file (type jpg)
<use figs/AnalyticalMachine_Babbage_London.jpg>
Package pdftex.def Info: figs/AnalyticalMachine_Babbage_London.jpg  used on inp
ut line 369.
(pdftex.def)             Requested size: 69.34006pt x 66.63007pt.
<figs/Babbage_Difference_Engine.jpg, id=178, 3516.13625pt x 2544.50626pt>
File: figs/Babbage_Difference_Engine.jpg Graphic file (type jpg)
<use figs/Babbage_Difference_Engine.jpg>
Package pdftex.def Info: figs/Babbage_Difference_Engine.jpg  used on input line
 369.
(pdftex.def)             Requested size: 87.88173pt x 63.59697pt.
 [14

 <./figs/CharlesBabbage.jpg> <./figs/AnalyticalMachine_Babbage_London.jpg> <./f
igs/Babbage_Difference_Engine.jpg>]
<figs/Georg_Scheutz.jpg, id=188, 602.25pt x 647.41875pt>
File: figs/Georg_Scheutz.jpg Graphic file (type jpg)
<use figs/Georg_Scheutz.jpg>
Package pdftex.def Info: figs/Georg_Scheutz.jpg  used on input line 389.
(pdftex.def)             Requested size: 72.26688pt x 77.68689pt.
<figs/ScheutzianCalculationEngine.jpg, id=190, 1026.83624pt x 473.77pt>
File: figs/ScheutzianCalculationEngine.jpg Graphic file (type jpg)
<use figs/ScheutzianCalculationEngine.jpg>
Package pdftex.def Info: figs/ScheutzianCalculationEngine.jpg  used on input li
ne 389.
(pdftex.def)             Requested size: 184.82254pt x 85.27492pt.
 [15

 <./figs/Georg_Scheutz.jpg> <./figs/ScheutzianCalculationEngine.jpg>]
<figs/AugustaAdaByrons.jpg, id=199, 1284.8pt x 722.7pt>
File: figs/AugustaAdaByrons.jpg Graphic file (type jpg)
<use figs/AugustaAdaByrons.jpg>
Package pdftex.def Info: figs/AugustaAdaByrons.jpg  used on input line 406.
(pdftex.def)             Requested size: 115.627pt x 65.04019pt.

Overfull \hbox (1.81598pt too wide) in paragraph at lines 406--406
 [] 
 []

<figs/AugustaAdaByrons-1.jpg, id=201, 662.475pt x 433.62pt>
File: figs/AugustaAdaByrons-1.jpg Graphic file (type jpg)
<use figs/AugustaAdaByrons-1.jpg>
Package pdftex.def Info: figs/AugustaAdaByrons-1.jpg  used on input line 406.
(pdftex.def)             Requested size: 119.24036pt x 78.04823pt.

Overfull \hbox (5.42934pt too wide) in paragraph at lines 406--406
 [][] 
 []

[16

 <./figs/AugustaAdaByrons.jpg> <./figs/AugustaAdaByrons-1.jpg>]
<figs/HermanHollerith.jpg, id=210, 323.70938pt x 474.27188pt>
File: figs/HermanHollerith.jpg Graphic file (type jpg)
<use figs/HermanHollerith.jpg>
Package pdftex.def Info: figs/HermanHollerith.jpg  used on input line 424.
(pdftex.def)             Requested size: 58.26517pt x 85.36525pt.
<figs/hh-tabulator.png, id=212, 475.7775pt x 403.5075pt>
File: figs/hh-tabulator.png Graphic file (type png)
<use figs/hh-tabulator.png>
Package pdftex.def Info: figs/hh-tabulator.png  used on input line 424.
(pdftex.def)             Requested size: 104.67137pt x 88.77191pt.
 [17

 <./figs/HermanHollerith.jpg> <./figs/hh-tabulator.png>]
<figs/georgeboole.jpg, id=223, 971.63pt x 683.55376pt>
File: figs/georgeboole.jpg Graphic file (type jpg)
<use figs/georgeboole.jpg>
Package pdftex.def Info: figs/georgeboole.jpg  used on input line 441.
(pdftex.def)             Requested size: 126.31633pt x 88.8651pt.

Overfull \hbox (12.50531pt too wide) in paragraph at lines 441--441
 [] 
 []

[18

 <./figs/georgeboole.jpg>]
<figs/holcard.jpg, id=231, 602.25pt x 395.4775pt>
File: figs/holcard.jpg Graphic file (type jpg)
<use figs/holcard.jpg>
Package pdftex.def Info: figs/holcard.jpg  used on input line 461.
(pdftex.def)             Requested size: 113.81102pt x 74.73116pt.


LaTeX Font Warning: Font shape `T1/Carlito-LF/m/sc' undefined
(Font)              using `T1/Carlito-LF/m/n' instead on input line 461.

LaTeX Font Info:    Font shape `T1/Carlito-LF/m/sc' will be
(Font)              scaled to size 8.0pt on input line 461.
LaTeX Font Info:    Font shape `T1/Carlito-LF/m/sc' will be
(Font)              scaled to size 10.95pt on input line 461.

Overfull \vbox (6.30823pt too high) detected at line 461
 []

[19

 <./figs/holcard.jpg>] [20

]
<figs/pascaline.jpg, id=243, 350.81062pt x 228.855pt>
File: figs/pascaline.jpg Graphic file (type jpg)
<use figs/pascaline.jpg>
Package pdftex.def Info: figs/pascaline.jpg  used on input line 492.
(pdftex.def)             Requested size: 227.62204pt x 148.49556pt.
 [21

 <./figs/pascaline.jpg>] [22

]
LaTeX Font Info:    Font shape `T1/Carlito-LF/bx/it' in size <10.95> not availa
ble
(Font)              Font shape `T1/Carlito-LF/b/it' tried instead on input line
 574.
LaTeX Font Info:    Font shape `T1/Carlito-LF/b/it' will be
(Font)              scaled to size 10.95pt on input line 574.
<figs/Aiken.jpg, id=254, 180.675pt x 247.1634pt>
File: figs/Aiken.jpg Graphic file (type jpg)
<use figs/Aiken.jpg>
Package pdftex.def Info: figs/Aiken.jpg  used on input line 574.
(pdftex.def)             Requested size: 54.20291pt x 74.14958pt.
<figs/eniac.jpg, id=256, 1345.025pt x 1027.84pt>
File: figs/eniac.jpg Graphic file (type jpg)
<use figs/eniac.jpg>
Package pdftex.def Info: figs/eniac.jpg  used on input line 574.
(pdftex.def)             Requested size: 142.26378pt x 108.70271pt.
 [23

 <./figs/Aiken.jpg> <./figs/eniac.jpg>]
<figs/Z-3_Zuse.jpg, id=264, 489.32813pt x 356.0803pt>
File: figs/Z-3_Zuse.jpg Graphic file (type jpg)
<use figs/Z-3_Zuse.jpg>
Package pdftex.def Info: figs/Z-3_Zuse.jpg  used on input line 589.
(pdftex.def)             Requested size: 128.0374pt x 93.17093pt.

Overfull \hbox (14.22638pt too wide) in paragraph at lines 589--589
[][] 
 []

[24

 <./figs/Z-3_Zuse.jpg>]
<figs/berry.jpeg, id=270, 168.63pt x 221.82875pt>
File: figs/berry.jpeg Graphic file (type jpg)
<use figs/berry.jpeg>
Package pdftex.def Info: figs/berry.jpeg  used on input line 607.
(pdftex.def)             Requested size: 50.58939pt x 66.54912pt.
<figs/berryComputer.jpeg, id=272, 220.825pt x 165.61874pt>
File: figs/berryComputer.jpeg Graphic file (type jpg)
<use figs/berryComputer.jpeg>
Package pdftex.def Info: figs/berryComputer.jpeg  used on input line 607.
(pdftex.def)             Requested size: 128.0374pt x 96.03113pt.
 [25

 <./figs/berry.jpeg> <./figs/berryComputer.jpeg>]
<figs/ENIAC.jpg, id=280, 1027.84pt x 699.61375pt>
File: figs/ENIAC.jpg Graphic file (type jpg)
<use figs/ENIAC.jpg>
Package pdftex.def Info: figs/ENIAC.jpg  used on input line 625.
(pdftex.def)             Requested size: 170.71652pt x 116.1999pt.
[26

 <./figs/ENIAC.jpg>]
<figs/UNIVAC.jpeg, id=286, 259.97125pt x 194.7275pt>
File: figs/UNIVAC.jpeg Graphic file (type jpg)
<use figs/UNIVAC.jpeg>
Package pdftex.def Info: figs/UNIVAC.jpeg  used on input line 643.
(pdftex.def)             Requested size: 170.71652pt x 127.87279pt.
 [27

 <./figs/UNIVAC.jpeg>]
<figs/bugs.jpg, id=292, 557.08125pt x 438.8897pt>
File: figs/bugs.jpg Graphic file (type jpg)
<use figs/bugs.jpg>
Package pdftex.def Info: figs/bugs.jpg  used on input line 661.
(pdftex.def)             Requested size: 142.26378pt x 112.07947pt.
 [28

 <./figs/bugs.jpg>]
<figs/vaccumTubes.jpg, id=298, 803.0pt x 571.13374pt>
File: figs/vaccumTubes.jpg Graphic file (type jpg)
<use figs/vaccumTubes.jpg>
Package pdftex.def Info: figs/vaccumTubes.jpg  used on input line 685.
(pdftex.def)             Requested size: 104.39366pt x 74.24998pt.
<figs/Transistorer.jpg, id=300, 355.3275pt x 476.78125pt>
File: figs/Transistorer.jpg Graphic file (type jpg)
<use figs/Transistorer.jpg>
Package pdftex.def Info: figs/Transistorer.jpg  used on input line 685.
(pdftex.def)             Requested size: 63.95618pt x 85.81691pt.

[29

 <./figs/vaccumTubes.jpg> <./figs/Transistorer.jpg>]
<figs/article_john-backus_1.jpg, id=309, 477.785pt x 345.29pt>
File: figs/article_john-backus_1.jpg Graphic file (type jpg)
<use figs/article_john-backus_1.jpg>
Package pdftex.def Info: figs/article_john-backus_1.jpg  used on input line 698
.
(pdftex.def)             Requested size: 128.0374pt x 92.5288pt.

Overfull \hbox (14.22638pt too wide) in paragraph at lines 698--698
[][]  
 []

[30

 <./figs/article_john-backus_1.jpg>]
<figs/vonneuman.jpg, id=315, 571.13374pt x 451.6875pt>
File: figs/vonneuman.jpg Graphic file (type jpg)
<use figs/vonneuman.jpg>
Package pdftex.def Info: figs/vonneuman.jpg  used on input line 711.
(pdftex.def)             Requested size: 128.0374pt x 101.26001pt.

Overfull \hbox (14.22638pt too wide) in paragraph at lines 711--711
[][]  
 []

[31

 <./figs/vonneuman.jpg>]
<figs/800px-Microchips.jpg, id=322, 602.25pt x 451.6875pt>
File: figs/800px-Microchips.jpg Graphic file (type jpg)
<use figs/800px-Microchips.jpg>
Package pdftex.def Info: figs/800px-Microchips.jpg  used on input line 726.
(pdftex.def)             Requested size: 128.0374pt x 96.02884pt.

Overfull \hbox (14.22638pt too wide) in paragraph at lines 726--726
[][]  
 []

[32

 <./figs/800px-Microchips.jpg>]
<figs/historique.pdf, id=328, 303.1325pt x 404.51125pt>
File: figs/historique.pdf Graphic file (type pdf)
<use figs/historique.pdf>
Package pdftex.def Info: figs/historique.pdf  used on input line 734.
(pdftex.def)             Requested size: 184.9429pt x 246.7947pt.
 [33

 <./figs/historique.pdf>] [34

]
<figs/archi_von_neumann.png, id=349, 421.575pt x 401.5pt>
File: figs/archi_von_neumann.png Graphic file (type png)
<use figs/archi_von_neumann.png>
Package pdftex.def Info: figs/archi_von_neumann.png  used on input line 761.
(pdftex.def)             Requested size: 170.71652pt x 162.58823pt.
 [35

 <./figs/archi_von_neumann.png>]
<figs/composant.pdf, id=356, 328.22626pt x 217.81375pt>
File: figs/composant.pdf Graphic file (type pdf)
<use figs/composant.pdf>
Package pdftex.def Info: figs/composant.pdf  used on input line 777.
(pdftex.def)             Requested size: 170.71652pt x 113.29037pt.
 [36

 <./figs/composant.pdf>]
<figs/ARPANET.jpg, id=471, 505.89pt x 282.05376pt>
File: figs/ARPANET.jpg Graphic file (type jpg)
<use figs/ARPANET.jpg>
Package pdftex.def Info: figs/ARPANET.jpg  used on input line 803.
(pdftex.def)             Requested size: 151.76816pt x 84.61678pt.
 [37

 <./figs/ARPANET.jpg>]
<figs/punched_card.jpg, id=480, 103.1052pt x 81.6651pt>
File: figs/punched_card.jpg Graphic file (type jpg)
<use figs/punched_card.jpg>
Package pdftex.def Info: figs/punched_card.jpg  used on input line 825.
(pdftex.def)             Requested size: 142.26378pt x 112.69295pt.
[38

 <./figs/punched_card.jpg>] [39

] [40

]
<figs/kenThompson.jpeg, id=496, 228.855pt x 221.82875pt>
File: figs/kenThompson.jpeg Graphic file (type jpg)
<use figs/kenThompson.jpeg>
Package pdftex.def Info: figs/kenThompson.jpeg  used on input line 887.
(pdftex.def)             Requested size: 68.65701pt x 66.54912pt.
<figs/dennisritchie.jpeg, id=498, 193.72375pt x 250.9375pt>
File: figs/dennisritchie.jpeg Graphic file (type jpg)
<use figs/dennisritchie.jpeg>
Package pdftex.def Info: figs/dennisritchie.jpeg  used on input line 887.
(pdftex.def)             Requested size: 58.11757pt x 75.28181pt.
<figs/briankernighan.jpeg, id=500, 183.68625pt x 276.03125pt>
File: figs/briankernighan.jpeg Graphic file (type jpg)
<use figs/briankernighan.jpeg>
Package pdftex.def Info: figs/briankernighan.jpeg  used on input line 887.
(pdftex.def)             Requested size: 55.1063pt x 82.81pt.
 [41

 <./figs/kenThompson.jpeg> <./figs/dennisritchie.jpeg> <./figs/briankernighan.j
peg>]
<figs/micorprocessor.png, id=511, 492.75pt x 492.75pt>
File: figs/micorprocessor.png Graphic file (type png)
<use figs/micorprocessor.png>
Package pdftex.def Info: figs/micorprocessor.png  used on input line 911.
(pdftex.def)             Requested size: 113.81102pt x 113.81131pt.
 [42

 <./figs/micorprocessor.png>]
<figs/shannon.png, id=518, 363.85938pt x 266.49562pt>
File: figs/shannon.png Graphic file (type png)
<use figs/shannon.png>
Package pdftex.def Info: figs/shannon.png  used on input line 937.
(pdftex.def)             Requested size: 113.81102pt x 83.35693pt.
 [43

 <./figs/shannon.png>]
<figs/alan_turing_note.png, id=526, 803.0pt x 586.19pt>
File: figs/alan_turing_note.png Graphic file (type png)
<use figs/alan_turing_note.png>
Package pdftex.def Info: figs/alan_turing_note.png  used on input line 963.
(pdftex.def)             Requested size: 113.81102pt x 83.07677pt.
 [44

 <./figs/alan_turing_note.png>]
<figs/appleII.jpeg, id=533, 332.24126pt x 152.57pt>
File: figs/appleII.jpeg Graphic file (type jpg)
<use figs/appleII.jpeg>
Package pdftex.def Info: figs/appleII.jpeg  used on input line 977.
(pdftex.def)             Requested size: 113.81102pt x 52.26422pt.
 [45

 <./figs/appleII.jpeg>]
<figs/IBM_Computer.jpg, id=539, 401.5pt x 528.97626pt>
File: figs/IBM_Computer.jpg Graphic file (type jpg)
<use figs/IBM_Computer.jpg>
Package pdftex.def Info: figs/IBM_Computer.jpg  used on input line 991.
(pdftex.def)             Requested size: 113.81102pt x 149.94456pt.
 [46

 <./figs/IBM_Computer.jpg>]
<figs/Apple_Macintosh_Desktop.png, id=545, 386.19281pt x 258.21469pt>
File: figs/Apple_Macintosh_Desktop.png Graphic file (type png)
<use figs/Apple_Macintosh_Desktop.png>
Package pdftex.def Info: figs/Apple_Macintosh_Desktop.png  used on input line 1
006.
(pdftex.def)             Requested size: 113.81102pt x 76.09386pt.
 [47

 <./figs/Apple_Macintosh_Desktop.png>]
<figs/Tim_Berners-Lee.jpg, id=552, 426.59375pt x 426.59375pt>
File: figs/Tim_Berners-Lee.jpg Graphic file (type jpg)
<use figs/Tim_Berners-Lee.jpg>
Package pdftex.def Info: figs/Tim_Berners-Lee.jpg  used on input line 1025.
(pdftex.def)             Requested size: 85.31723pt x 85.31723pt.
<figs/First_Web_Server.jpg, id=554, 1927.2pt x 1445.4pt>
File: figs/First_Web_Server.jpg Graphic file (type jpg)
<use figs/First_Web_Server.jpg>
Package pdftex.def Info: figs/First_Web_Server.jpg  used on input line 1025.
(pdftex.def)             Requested size: 128.0374pt x 96.02747pt.

Overfull \hbox (14.22638pt too wide) in paragraph at lines 1025--1025
 [] 
 []

[48

 <./figs/Tim_Berners-Lee.jpg> <./figs/First_Web_Server.jpg>]
<figs/windows1993.png, id=561, 301.125pt x 225.84375pt>
File: figs/windows1993.png Graphic file (type png)
<use figs/windows1993.png>
Package pdftex.def Info: figs/windows1993.png  used on input line 1043.
(pdftex.def)             Requested size: 105.39532pt x 79.04648pt.
<figs/windows-1993-1.png, id=563, 963.6pt x 722.7pt>
File: figs/windows-1993-1.png Graphic file (type png)
<use figs/windows-1993-1.png>
Package pdftex.def Info: figs/windows-1993-1.png  used on input line 1043.
(pdftex.def)             Requested size: 115.627pt x 86.72025pt.

Overfull \hbox (1.81598pt too wide) in paragraph at lines 1043--1043
 [][] 
 []

[49

 <./figs/windows1993.png> <./figs/windows-1993-1.png>]
<figs/deepblue.jpeg, id=574, 241.90375pt x 209.78375pt>
File: figs/deepblue.jpeg Graphic file (type jpg)
<use figs/deepblue.jpeg>
Package pdftex.def Info: figs/deepblue.jpeg  used on input line 1057.
(pdftex.def)             Requested size: 113.81102pt x 98.70079pt.
 [50

 <./figs/deepblue.jpeg>]
<figs/googlefirstserver.jpg, id=580, 602.25pt x 698.61pt>
File: figs/googlefirstserver.jpg Graphic file (type jpg)
<use figs/googlefirstserver.jpg>
Package pdftex.def Info: figs/googlefirstserver.jpg  used on input line 1072.
(pdftex.def)             Requested size: 113.81102pt x 132.0124pt.
 [51

 <./figs/googlefirstserver.jpg>]
<figs/socialNetork.jpeg, id=586, 325.215pt x 155.58125pt>
File: figs/socialNetork.jpeg Graphic file (type jpg)
<use figs/socialNetork.jpeg>
Package pdftex.def Info: figs/socialNetork.jpeg  used on input line 1089.
(pdftex.def)             Requested size: 119.50148pt x 57.1677pt.

Overfull \hbox (5.69046pt too wide) in paragraph at lines 1089--1089
[][]  
 []

[52

 <./figs/socialNetork.jpeg>]
<figs/multicoreProcessor.jpg, id=592, 702.625pt x 594.22pt>
File: figs/multicoreProcessor.jpg Graphic file (type jpg)
<use figs/multicoreProcessor.jpg>
Package pdftex.def Info: figs/multicoreProcessor.jpg  used on input line 1104.
(pdftex.def)             Requested size: 113.81102pt x 96.24678pt.
 [53

 <./figs/multicoreProcessor.jpg>]
<figs/iPhone.png, id=598, 1019.81pt x 580.1675pt>
File: figs/iPhone.png Graphic file (type png)
<use figs/iPhone.png>
Package pdftex.def Info: figs/iPhone.png  used on input line 1116.
(pdftex.def)             Requested size: 113.81102pt x 64.73929pt.
 [54

 <./figs/iPhone.png>]
<figs/iPAd.jpg, id=604, 903.375pt x 602.25pt>
File: figs/iPAd.jpg Graphic file (type jpg)
<use figs/iPAd.jpg>
Package pdftex.def Info: figs/iPAd.jpg  used on input line 1127.
(pdftex.def)             Requested size: 113.81102pt x 75.86919pt.
 [55

 <./figs/iPAd.jpg>]
<figs/googleDriverLessCar.jpg, id=611, 923.45pt x 516.93124pt>
File: figs/googleDriverLessCar.jpg Graphic file (type jpg)
<use figs/googleDriverLessCar.jpg>
Package pdftex.def Info: figs/googleDriverLessCar.jpg  used on input line 1149.

(pdftex.def)             Requested size: 113.81102pt x 63.70915pt.
 [56

 <./figs/googleDriverLessCar.jpg>]
<figs/googleGlass*.jpg, id=617, 173.448pt x 115.632pt>
File: figs/googleGlass*.jpg Graphic file (type jpg)
<use figs/googleGlass*.jpg>
Package pdftex.def Info: figs/googleGlass*.jpg  used on input line 1160.
(pdftex.def)             Requested size: 113.81102pt x 75.87448pt.

[57

 <./figs/googleGlass*.jpg>]
<figs/generations_ordi.pdf, id=623, 897.3525pt x 269.005pt>
File: figs/generations_ordi.pdf Graphic file (type pdf)
<use figs/generations_ordi.pdf>
Package pdftex.def Info: figs/generations_ordi.pdf  used on input line 1209.
(pdftex.def)             Requested size: 312.9803pt x 93.82068pt.

Overfull \hbox (12.80356pt too wide) in paragraph at lines 1209--1209
[][]  
 []

[58

 <./figs/generations_ordi.pdf

pdfTeX warning: /usr/bin/pdflatex (file ./figs/generations_ordi.pdf): PDF inclu
sion: invalid other resource which is no dict (key 'ProcSets', type <array>); i
gnored.
>] [59

]
File: figs/vaccumTubes.jpg Graphic file (type jpg)
<use figs/vaccumTubes.jpg>
Package pdftex.def Info: figs/vaccumTubes.jpg  used on input line 1246.
(pdftex.def)             Requested size: 128.48262pt x 91.38326pt.

Overfull \hbox (14.6716pt too wide) in paragraph at lines 1246--1246
 [] 
 []

[60

]
File: figs/vaccumTubes.jpg Graphic file (type jpg)
<use figs/vaccumTubes.jpg>
Package pdftex.def Info: figs/vaccumTubes.jpg  used on input line 1268.
(pdftex.def)             Requested size: 128.48262pt x 91.38326pt.

Overfull \hbox (14.6716pt too wide) in paragraph at lines 1268--1268
 [] 
 []

[61

]
File: figs/Transistorer.jpg Graphic file (type jpg)
<use figs/Transistorer.jpg>
Package pdftex.def Info: figs/Transistorer.jpg  used on input line 1293.
(pdftex.def)             Requested size: 56.85355pt x 76.28654pt.
 [62

]
File: figs/Transistorer.jpg Graphic file (type jpg)
<use figs/Transistorer.jpg>
Package pdftex.def Info: figs/Transistorer.jpg  used on input line 1316.
(pdftex.def)             Requested size: 56.85355pt x 76.28654pt.
<figs/drummemory.jpg, id=682, 501.875pt x 334.24875pt>
File: figs/drummemory.jpg Graphic file (type jpg)
<use figs/drummemory.jpg>
Package pdftex.def Info: figs/drummemory.jpg  used on input line 1316.
(pdftex.def)             Requested size: 80.30164pt x 53.48088pt.
<figs/corememory.jpg, id=684, 696.6025pt x 521.95pt>
File: figs/corememory.jpg Graphic file (type jpg)
<use figs/corememory.jpg>
Package pdftex.def Info: figs/corememory.jpg  used on input line 1316.
(pdftex.def)             Requested size: 83.58868pt x 62.63129pt.
 [63

 <./figs/drummemory.jpg> <./figs/corememory.jpg>]
<figs/intregateed.jpeg, id=694, 239.89626pt x 211.79124pt>
File: figs/intregateed.jpeg Graphic file (type jpg)
<use figs/intregateed.jpeg>
Package pdftex.def Info: figs/intregateed.jpeg  used on input line 1341.
(pdftex.def)             Requested size: 86.36258pt x 76.24478pt.
 [64

 <./figs/intregateed.jpeg>]
File: figs/intregateed.jpeg Graphic file (type jpg)
<use figs/intregateed.jpeg>
Package pdftex.def Info: figs/intregateed.jpeg  used on input line 1361.
(pdftex.def)             Requested size: 86.36258pt x 76.24478pt.
 [65

]
<figs/microprocessor.jpeg, id=709, 301.125pt x 168.63pt>
File: figs/microprocessor.jpeg Graphic file (type jpg)
<use figs/microprocessor.jpeg>
Package pdftex.def Info: figs/microprocessor.jpeg  used on input line 1385.
(pdftex.def)             Requested size: 108.4049pt x 60.70674pt.
 [66

 <./figs/microprocessor.jpeg>] [67

]
<figs/Loi_de_Moore.png, id=723, 903.375pt x 627.34375pt>
File: figs/Loi_de_Moore.png Graphic file (type png)
<use figs/Loi_de_Moore.png>
Package pdftex.def Info: figs/Loi_de_Moore.png  used on input line 1433.
(pdftex.def)             Requested size: 256.0748pt x 177.828pt.
 [68

 <./figs/Loi_de_Moore.png>]
<figs/intel-proc.png, id=730, 576.65437pt x 440.39531pt>
File: figs/intel-proc.png Graphic file (type png)
<use figs/intel-proc.png>
Package pdftex.def Info: figs/intel-proc.png  used on input line 1448.
(pdftex.def)             Requested size: 284.52756pt x 217.30084pt.

Overfull \vbox (4.51067pt too high) detected at line 1448
 []

[69

 <./figs/intel-proc.png>] [70

] [71

] [72

]
<figs/archi_en_couches_pratique.pdf, id=752, 862.22125pt x 648.4225pt>
File: figs/archi_en_couches_pratique.pdf Graphic file (type pdf)
<use figs/archi_en_couches_pratique.pdf>
Package pdftex.def Info: figs/archi_en_couches_pratique.pdf  used on input line
 1584.
(pdftex.def)             Requested size: 227.62204pt x 171.17813pt.
 [73

 <./figs/archi_en_couches_pratique.pdf

pdfTeX warning: /usr/bin/pdflatex (file ./figs/archi_en_couches_pratique.pdf): 
PDF inclusion: invalid other resource which is no dict (key 'ProcSets', type <a
rray>); ignored.
>] [74

]
\tf@nav=\write6
\openout6 = `ordi.nav'.

\tf@toc=\write7
\openout7 = `ordi.toc'.

\tf@snm=\write8
\openout8 = `ordi.snm'.

Package atveryend Info: Empty hook `BeforeClearDocument' on input line 1609.
Package atveryend Info: Empty hook `AfterLastShipout' on input line 1609.
 (./ordi.aux)
Package atveryend Info: Executing hook `AtVeryEndDocument' on input line 1609.
Package atveryend Info: Executing hook `AtEndAfterFileList' on input line 1609.

Package rerunfilecheck Info: File `ordi.out' has not changed.
(rerunfilecheck)             Checksum: D41D8CD98F00B204E9800998ECF8427E;0.


LaTeX Font Warning: Some font shapes were not available, defaults substituted.

 ) 
Here is how much of TeX's memory you used:
 30752 strings out of 492982
 564707 string characters out of 6134897
 633068 words of memory out of 5000000
 33266 multiletter control sequences out of 15000+600000
 253538 words of font info for 191 fonts, out of 8000000 for 9000
 1141 hyphenation exceptions out of 8191
 70i,16n,96p,804b,914s stack positions out of 5000i,500n,10000p,200000b,80000s
{/usr/share/texlive/texmf-dist/fonts/enc/dvips/carlito/crlt_csjzgd.enc}</usr/
share/texlive/texmf-dist/fonts/type1/typoland/carlito/Carlito-Bold.pfb></usr/sh
are/texlive/texmf-dist/fonts/type1/typoland/carlito/Carlito-BoldItalic.pfb></us
r/share/texlive/texmf-dist/fonts/type1/typoland/carlito/Carlito-Italic.pfb></us
r/share/texlive/texmf-dist/fonts/type1/typoland/carlito/Carlito.pfb></usr/share
/texlive/texmf-dist/fonts/type1/public/mathdesign/mdbch/md-chb7y.pfb>
Output written on ordi.pdf (74 pages, 17819459 bytes).
PDF statistics:
 833 PDF objects out of 1000 (max. 8388607)
 540 compressed objects within 6 object streams
 149 named destinations out of 1000 (max. 500000)
 45894 words of extra memory for PDF output out of 51595 (max. 10000000)

